This is XeTeX, Version 3.1415926-2.5-0.9999.3 (TeX Live 2013/Debian) (format=xelatex 2014.8.20)  20 AUG 2014 21:29
entering extended mode
 restricted \write18 enabled.
 %&-line parsing enabled.
**doortag.tex
(./doortag.tex
LaTeX2e <2011/06/27>
Babel <3.9h> and hyphenation patterns for 10 languages loaded.
(/usr/share/texlive/texmf-dist/tex/latex/base/article.cls
Document Class: article 2007/10/19 v1.4h Standard LaTeX document class
(/usr/share/texlive/texmf-dist/tex/latex/base/size12.clo
File: size12.clo 2007/10/19 v1.4h Standard LaTeX file (size option)
)
\c@part=\count80
\c@section=\count81
\c@subsection=\count82
\c@subsubsection=\count83
\c@paragraph=\count84
\c@subparagraph=\count85
\c@figure=\count86
\c@table=\count87
\abovecaptionskip=\skip41
\belowcaptionskip=\skip42
\bibindent=\dimen102
)
(/usr/share/texlive/texmf-dist/tex/latex/fontspec/fontspec.sty
Package: fontspec 2013/05/20 v2.3c Font selection for XeLaTeX and LuaLaTeX

(/usr/share/texlive/texmf-dist/tex/latex/l3kernel/expl3.sty
(/usr/share/texlive/texmf-dist/tex/latex/l3kernel/l3names.sty
(/usr/share/texlive/texmf-dist/tex/latex/l3kernel/l3bootstrap.sty
Package: l3bootstrap 2014/01/04 v4640 L3 Experimental bootstrap code
)
Package: l3names 2014/01/04 v4640 L3 Namespace for primitives
)
(/usr/share/texlive/texmf-dist/tex/latex/etex-pkg/etex.sty
Package: etex 1998/03/26 v2.0 eTeX basic definition package (PEB)
\et@xins=\count88
)
Package: expl3 2014/01/07 v4646 L3 Experimental code bundle wrapper

(/usr/share/texlive/texmf-dist/tex/latex/l3kernel/l3basics.sty
Package: l3basics 2014/01/04 v4642 L3 Basic definitions
)
(/usr/share/texlive/texmf-dist/tex/latex/l3kernel/l3expan.sty
Package: l3expan 2014/01/04 v4642 L3 Argument expansion
)
(/usr/share/texlive/texmf-dist/tex/latex/l3kernel/l3tl.sty
Package: l3tl 2013/12/27 v4625 L3 Token lists
)
(/usr/share/texlive/texmf-dist/tex/latex/l3kernel/l3seq.sty
Package: l3seq 2013/12/14 v4623 L3 Sequences and stacks
)
(/usr/share/texlive/texmf-dist/tex/latex/l3kernel/l3int.sty
Package: l3int 2013/08/02 v4583 L3 Integers
\c_max_int=\count89
\l_tmpa_int=\count90
\l_tmpb_int=\count91
\g_tmpa_int=\count92
\g_tmpb_int=\count93
)
(/usr/share/texlive/texmf-dist/tex/latex/l3kernel/l3quark.sty
Package: l3quark 2013/12/14 v4623 L3 Quarks
)
(/usr/share/texlive/texmf-dist/tex/latex/l3kernel/l3prg.sty
Package: l3prg 2014/01/04 v4642 L3 Control structures
\g__prg_map_int=\count94
)
(/usr/share/texlive/texmf-dist/tex/latex/l3kernel/l3clist.sty
Package: l3clist 2013/07/28 v4581 L3 Comma separated lists
)
(/usr/share/texlive/texmf-dist/tex/latex/l3kernel/l3token.sty
Package: l3token 2013/08/25 v4587 L3 Experimental token manipulation
)
(/usr/share/texlive/texmf-dist/tex/latex/l3kernel/l3prop.sty
Package: l3prop 2013/12/14 v4623 L3 Property lists
)
(/usr/share/texlive/texmf-dist/tex/latex/l3kernel/l3msg.sty
Package: l3msg 2013/07/28 v4581 L3 Messages
)
(/usr/share/texlive/texmf-dist/tex/latex/l3kernel/l3file.sty
Package: l3file 2013/10/13 v4596 L3 File and I/O operations
\l_iow_line_count_int=\count95
\l__iow_target_count_int=\count96
\l__iow_current_line_int=\count97
\l__iow_current_word_int=\count98
\l__iow_current_indentation_int=\count99
)
(/usr/share/texlive/texmf-dist/tex/latex/l3kernel/l3skip.sty
Package: l3skip 2013/07/28 v4581 L3 Dimensions and skips
\c_zero_dim=\dimen103
\c_max_dim=\dimen104
\l_tmpa_dim=\dimen105
\l_tmpb_dim=\dimen106
\g_tmpa_dim=\dimen107
\g_tmpb_dim=\dimen108
\c_zero_skip=\skip43
\c_max_skip=\skip44
\l_tmpa_skip=\skip45
\l_tmpb_skip=\skip46
\g_tmpa_skip=\skip47
\g_tmpb_skip=\skip48
\c_zero_muskip=\muskip10
\c_max_muskip=\muskip11
\l_tmpa_muskip=\muskip12
\l_tmpb_muskip=\muskip13
\g_tmpa_muskip=\muskip14
\g_tmpb_muskip=\muskip15
)
(/usr/share/texlive/texmf-dist/tex/latex/l3kernel/l3keys.sty
Package: l3keys 2013/12/08 v4614 L3 Experimental key-value interfaces
\g__keyval_level_int=\count100
\l_keys_choice_int=\count101
)
(/usr/share/texlive/texmf-dist/tex/latex/l3kernel/l3fp.sty
Package: l3fp 2014/01/04 v4642 L3 Floating points
\c__fp_leading_shift_int=\count102
\c__fp_middle_shift_int=\count103
\c__fp_trailing_shift_int=\count104
\c__fp_big_leading_shift_int=\count105
\c__fp_big_middle_shift_int=\count106
\c__fp_big_trailing_shift_int=\count107
\c__fp_Bigg_leading_shift_int=\count108
\c__fp_Bigg_middle_shift_int=\count109
\c__fp_Bigg_trailing_shift_int=\count110
)
(/usr/share/texlive/texmf-dist/tex/latex/l3kernel/l3box.sty
Package: l3box 2013/07/28 v4581 L3 Experimental boxes
\c_empty_box=\box26
\l_tmpa_box=\box27
\l_tmpb_box=\box28
\g_tmpa_box=\box29
\g_tmpb_box=\box30
)
(/usr/share/texlive/texmf-dist/tex/latex/l3kernel/l3coffins.sty
Package: l3coffins 2013/12/14 v4624 L3 Coffin code layer
\l__coffin_internal_box=\box31
\l__coffin_internal_dim=\dimen109
\l__coffin_offset_x_dim=\dimen110
\l__coffin_offset_y_dim=\dimen111
\l__coffin_x_dim=\dimen112
\l__coffin_y_dim=\dimen113
\l__coffin_x_prime_dim=\dimen114
\l__coffin_y_prime_dim=\dimen115
\c_empty_coffin=\box32
\l__coffin_aligned_coffin=\box33
\l__coffin_aligned_internal_coffin=\box34
\l_tmpa_coffin=\box35
\l_tmpb_coffin=\box36
\l__coffin_display_coffin=\box37
\l__coffin_display_coord_coffin=\box38
\l__coffin_display_pole_coffin=\box39
\l__coffin_display_offset_dim=\dimen116
\l__coffin_display_x_dim=\dimen117
\l__coffin_display_y_dim=\dimen118
)
(/usr/share/texlive/texmf-dist/tex/latex/l3kernel/l3color.sty
Package: l3color 2012/08/29 v4156 L3 Experimental color support
)
(/usr/share/texlive/texmf-dist/tex/latex/l3kernel/l3luatex.sty
Package: l3luatex 2013/07/28 v4581 L3 Experimental LuaTeX-specific functions
\g__cctab_allocate_int=\count111
\g__cctab_stack_int=\count112
)
(/usr/share/texlive/texmf-dist/tex/latex/l3kernel/l3candidates.sty
Package: l3candidates 2014/01/06 v4643 L3 Experimental additions to l3kernel
\l__box_top_dim=\dimen119
\l__box_bottom_dim=\dimen120
\l__box_left_dim=\dimen121
\l__box_right_dim=\dimen122
\l__box_top_new_dim=\dimen123
\l__box_bottom_new_dim=\dimen124
\l__box_left_new_dim=\dimen125
\l__box_right_new_dim=\dimen126
\l__box_internal_box=\box40
\l__coffin_bounding_shift_dim=\dimen127
\l__coffin_left_corner_dim=\dimen128
\l__coffin_right_corner_dim=\dimen129
\l__coffin_bottom_corner_dim=\dimen130
\l__coffin_top_corner_dim=\dimen131
\l__coffin_scaled_total_height_dim=\dimen132
\l__coffin_scaled_width_dim=\dimen133
)
(/usr/share/texlive/texmf-dist/tex/generic/oberdiek/ifpdf.sty
Package: ifpdf 2011/01/30 v2.3 Provides the ifpdf switch (HO)
Package ifpdf Info: pdfTeX in PDF mode is not detected.
))
(/usr/share/texlive/texmf-dist/tex/latex/l3packages/xparse/xparse.sty
Package: xparse 2013/12/31 v4634 L3 Experimental document command parser
\l__xparse_current_arg_int=\count113
\l__xparse_m_args_int=\count114
\l__xparse_mandatory_args_int=\count115
\l__xparse_processor_int=\count116
\l__xparse_v_nesting_int=\count117
)
\l_fontspec_script_int=\count118
\l_fontspec_language_int=\count119
\l_fontspec_strnum_int=\count120
\l_fontspec_tmpa_dim=\dimen134
\l_fontspec_tmpb_dim=\dimen135
\l_fontspec_tmpc_dim=\dimen136
Variant \tl_gset:cV already defined; not changing it on line 69

(/usr/share/texlive/texmf-dist/tex/latex/fontspec/fontspec-patches.sty
Package: fontspec-patches 2013/05/20 v2.3c Font selection for XeLaTeX and LuaLa
TeX

(/usr/share/texlive/texmf-dist/tex/latex/base/fixltx2e.sty
Package: fixltx2e 2006/09/13 v1.1m fixes to LaTeX
LaTeX Info: Redefining \em on input line 420.
)
LaTeX Info: Redefining \em on input line 22.
LaTeX Info: Redefining \emph on input line 30.
LaTeX Info: Redefining \- on input line 33.

*************************************************
* LaTeX warning: "xparse/redefine-command"
* 
* Redefining document command \oldstylenums with arg. spec. 'm' on line 128.
*************************************************
.................................................
. LaTeX info: "xparse/define-command"
. 
. Defining document command \liningnums with arg. spec. 'm' on line 132.
.................................................
) (/usr/share/texlive/texmf-dist/tex/latex/fontspec/fontspec-xetex.sty
Package: fontspec-xetex 2013/05/20 v2.3c Font selection for XeLaTeX and LuaLaTe
X

(/usr/share/texlive/texmf-dist/tex/latex/base/fontenc.sty
Package: fontenc 2005/09/27 v1.99g Standard LaTeX package

(/usr/share/texlive/texmf-dist/tex/latex/euenc/eu1enc.def
File: eu1enc.def 2010/05/27 v0.1h Experimental Unicode font encodings
)
LaTeX Font Info:    Try loading font information for EU1+lmr on input line 100.


(/usr/share/texlive/texmf-dist/tex/latex/euenc/eu1lmr.fd
File: eu1lmr.fd 2009/10/30 v1.6 Font defs for Latin Modern
))
(/usr/share/texlive/texmf-dist/tex/xelatex/xunicode/xunicode.sty
File: xunicode.sty 2011/09/09 v0.981 provides access to latin accents and many 
other characters in Unicode lower plane

(/usr/share/texmf/tex/latex/tipa/t3enc.def
File: t3enc.def 2001/12/31 T3 encoding
LaTeX Font Info:    Try loading font information for EU1+lmss on input line 357
.

(/usr/share/texlive/texmf-dist/tex/latex/euenc/eu1lmss.fd
File: eu1lmss.fd 2009/10/30 v1.6 Font defs for Latin Modern
))
\tipaTiiicode=\count121
\tipasavetokens=\toks14
\tipachecktokens=\toks15

(/usr/share/texlive/texmf-dist/tex/latex/graphics/graphicx.sty
Package: graphicx 1999/02/16 v1.0f Enhanced LaTeX Graphics (DPC,SPQR)

(/usr/share/texlive/texmf-dist/tex/latex/graphics/keyval.sty
Package: keyval 1999/03/16 v1.13 key=value parser (DPC)
\KV@toks@=\toks16
)
(/usr/share/texlive/texmf-dist/tex/latex/graphics/graphics.sty
Package: graphics 2009/02/05 v1.0o Standard LaTeX Graphics (DPC,SPQR)

(/usr/share/texlive/texmf-dist/tex/latex/graphics/trig.sty
Package: trig 1999/03/16 v1.09 sin cos tan (DPC)
)
(/usr/share/texlive/texmf-dist/tex/latex/latexconfig/graphics.cfg
File: graphics.cfg 2010/04/23 v1.9 graphics configuration of TeX Live
)
Package graphics Info: Driver file: xetex.def on input line 91.

(/usr/share/texlive/texmf-dist/tex/xelatex/xetex-def/xetex.def
File: xetex.def 2013/04/29 v0.96 LaTeX color/graphics driver for XeTeX (RRM/JK)

))
\Gin@req@height=\dimen137
\Gin@req@width=\dimen138
))
.................................................
. LaTeX info: "xparse/define-command"
. 
. Defining document command \fontspec with arg. spec. 'O{}m' on line 41.
.................................................
.................................................
. LaTeX info: "xparse/define-command"
. 
. Defining document command \setmainfont with arg. spec. 'O{}m' on line 46.
.................................................
.................................................
. LaTeX info: "xparse/define-command"
. 
. Defining document command \setsansfont with arg. spec. 'O{}m' on line 51.
.................................................
.................................................
. LaTeX info: "xparse/define-command"
. 
. Defining document command \setmonofont with arg. spec. 'O{}m' on line 56.
.................................................
.................................................
. LaTeX info: "xparse/define-command"
. 
. Defining document command \setmathrm with arg. spec. 'O{}m' on line 65.
.................................................
.................................................
. LaTeX info: "xparse/define-command"
. 
. Defining document command \setboldmathrm with arg. spec. 'O{}m' on line 69.
.................................................
.................................................
. LaTeX info: "xparse/define-command"
. 
. Defining document command \setmathsf with arg. spec. 'O{}m' on line 73.
.................................................
.................................................
. LaTeX info: "xparse/define-command"
. 
. Defining document command \setmathtt with arg. spec. 'O{}m' on line 77.
.................................................
.................................................
. LaTeX info: "xparse/define-command"
. 
. Defining document command \newfontfamily with arg. spec. 'mO{}m' on line 96.
.................................................
.................................................
. LaTeX info: "xparse/define-command"
. 
. Defining document command \newfontface with arg. spec. 'mO{}m' on line 100.
.................................................
.................................................
. LaTeX info: "xparse/define-command"
. 
. Defining document command \defaultfontfeatures with arg. spec. 'om' on line
. 108.
.................................................
.................................................
. LaTeX info: "xparse/define-command"
. 
. Defining document command \addfontfeatures with arg. spec. 'm' on line 144.
.................................................
.................................................
. LaTeX info: "xparse/define-command"
. 
. Defining document command \newfontfeature with arg. spec. 'mm' on line 156.
.................................................
.................................................
. LaTeX info: "xparse/define-command"
. 
. Defining document command \newAATfeature with arg. spec. 'mmmm' on line 164.
.................................................
.................................................
. LaTeX info: "xparse/define-command"
. 
. Defining document command \newICUfeature with arg. spec. 'mmm' on line 172.
.................................................
.................................................
. LaTeX info: "xparse/define-command"
. 
. Defining document command \aliasfontfeature with arg. spec. 'mm' on line
. 201.
.................................................
.................................................
. LaTeX info: "xparse/define-command"
. 
. Defining document command \aliasfontfeatureoption with arg. spec. 'mmm' on
. line 203.
.................................................
.................................................
. LaTeX info: "xparse/define-command"
. 
. Defining document command \newfontscript with arg. spec. 'mm' on line 208.
.................................................
.................................................
. LaTeX info: "xparse/define-command"
. 
. Defining document command \newfontlanguage with arg. spec. 'mm' on line 235.
.................................................
.................................................
. LaTeX info: "xparse/define-command"
. 
. Defining document command \DeclareFontsExtensions with arg. spec. 'm' on
. line 256.
.................................................
Variant \prop_gput:cnV already defined; not changing it on line 582
Variant \prop_gput:cnx already defined; not changing it on line 583
\l_fontspec_tmp_int=\count122
LaTeX Info: Redefining \itshape on input line 2087.
LaTeX Info: Redefining \slshape on input line 2092.
LaTeX Info: Redefining \scshape on input line 2097.
LaTeX Info: Redefining \upshape on input line 2102.

(/usr/share/texlive/texmf-dist/tex/latex/fontspec/fontspec.cfg)))
(/usr/share/texlive/texmf-dist/tex/latex/setspace/setspace.sty
Package: setspace 2011/12/19 v6.7a set line spacing
)
(/usr/share/texlive/texmf-dist/tex/latex/graphics/color.sty
Package: color 2005/11/14 v1.0j Standard LaTeX Color (DPC)

(/usr/share/texlive/texmf-dist/tex/latex/latexconfig/color.cfg
File: color.cfg 2007/01/18 v1.5 color configuration of teTeX/TeXLive
)
Package color Info: Driver file: xetex.def on input line 130.
)
(/usr/share/texlive/texmf-dist/tex/latex/geometry/geometry.sty
Package: geometry 2010/09/12 v5.6 Page Geometry

(/usr/share/texlive/texmf-dist/tex/generic/oberdiek/ifvtex.sty
Package: ifvtex 2010/03/01 v1.5 Detect VTeX and its facilities (HO)
Package ifvtex Info: VTeX not detected.
)
(/usr/share/texlive/texmf-dist/tex/generic/ifxetex/ifxetex.sty
Package: ifxetex 2010/09/12 v0.6 Provides ifxetex conditional
)
\Gm@cnth=\count123
\Gm@cntv=\count124
\c@Gm@tempcnt=\count125
\Gm@bindingoffset=\dimen139
\Gm@wd@mp=\dimen140
\Gm@odd@mp=\dimen141
\Gm@even@mp=\dimen142
\Gm@layoutwidth=\dimen143
\Gm@layoutheight=\dimen144
\Gm@layouthoffset=\dimen145
\Gm@layoutvoffset=\dimen146
\Gm@dimlist=\toks17
)
(/usr/share/texlive/texmf-dist/tex/latex/textpos/textpos.sty
Package: textpos 2014/01/03 v1.7j

Package: textpos 2014/01/03 1.7j, absolute positioning of text on the page
(/usr/share/texlive/texmf-dist/tex/latex/ms/everyshi.sty
Package: everyshi 2001/05/15 v3.00 EveryShipout Package (MS)
)
\TP@textbox=\box41
\TP@holdbox=\box42
\TPHorizModule=\dimen147
\TPVertModule=\dimen148
\TP@margin=\dimen149
\TP@absmargin=\dimen150

Grid set 16 x 16 = 38.39343pt x 49.68562pt
\TPboxrulesize=\dimen151
\TP@ox=\dimen152
\TP@oy=\dimen153
\TP@tbargs=\toks18
\TP@prevdepth=\dimen154
TextBlockOrigin set to 0pt x 0pt
)
\g__file_internal_ior=\read1
\g_fontspec_family_custom.ttf_int=\count126
.................................................
. fontspec info: "defining-font"
. 
. Font family 'custom.ttf(0)' created for font 'custom.ttf' with options
. [Ligatures=TeX,Scale=2].
. 
. This font family consists of the following shapes:
. 
. * 'normal' with NFSS spec.:
. <->s*[2]"[custom.ttf]/ICU:script=latn;language=DFLT;mapping=tex-text;"
. 
. * 'small caps' with NFSS spec.:
. 
. <->s*[2]"[custom.ttf]/ICU:script=latn;language=DFLT;mapping=tex-text;+smcp;"
.................................................
LaTeX Font Info:    Font shape `EU1/custom.ttf(0)/m/n' will be
(Font)              scaled to size 24.0pt on input line 1.

Grid set 2159 x 2794 = 0.28426pt x 0.28432pt
TextBlockOrigin set to 0.1mm x 0.1mm
(./doortag.aux)
\openout1 = `doortag.aux'.

LaTeX Font Info:    Checking defaults for OML/cmm/m/it on input line 1.
LaTeX Font Info:    ... okay on input line 1.
LaTeX Font Info:    Checking defaults for T1/cmr/m/n on input line 1.
LaTeX Font Info:    ... okay on input line 1.
LaTeX Font Info:    Checking defaults for OT1/cmr/m/n on input line 1.
LaTeX Font Info:    ... okay on input line 1.
LaTeX Font Info:    Checking defaults for OMS/cmsy/m/n on input line 1.
LaTeX Font Info:    ... okay on input line 1.
LaTeX Font Info:    Checking defaults for OMX/cmex/m/n on input line 1.
LaTeX Font Info:    ... okay on input line 1.
LaTeX Font Info:    Checking defaults for U/cmr/m/n on input line 1.
LaTeX Font Info:    ... okay on input line 1.
LaTeX Font Info:    Checking defaults for EU1/lmr/m/n on input line 1.
LaTeX Font Info:    ... okay on input line 1.
LaTeX Font Info:    Checking defaults for T3/cmr/m/n on input line 1.
LaTeX Font Info:    Try loading font information for T3+cmr on input line 1.
 (/usr/share/texmf/tex/latex/tipa/t3cmr.fd
File: t3cmr.fd 2001/12/31 TIPA font definitions
)
LaTeX Font Info:    ... okay on input line 1.
.................................................
. fontspec info: "setup-math"
. 
. Adjusting the maths setup (use [no-math] to avoid this).
.................................................
\symlegacymaths=\mathgroup4
LaTeX Font Info:    Overwriting symbol font `legacymaths' in version `bold'
(Font)                  OT1/cmr/m/n --> OT1/cmr/bx/n on input line 1.
LaTeX Font Info:    Redeclaring math accent \acute on input line 1.
LaTeX Font Info:    Redeclaring math accent \grave on input line 1.
LaTeX Font Info:    Redeclaring math accent \ddot on input line 1.
LaTeX Font Info:    Redeclaring math accent \tilde on input line 1.
LaTeX Font Info:    Redeclaring math accent \bar on input line 1.
LaTeX Font Info:    Redeclaring math accent \breve on input line 1.
LaTeX Font Info:    Redeclaring math accent \check on input line 1.
LaTeX Font Info:    Redeclaring math accent \hat on input line 1.
LaTeX Font Info:    Redeclaring math accent \dot on input line 1.
LaTeX Font Info:    Redeclaring math accent \mathring on input line 1.
LaTeX Font Info:    Redeclaring math symbol \colon on input line 1.
LaTeX Font Info:    Redeclaring math symbol \Gamma on input line 1.
LaTeX Font Info:    Redeclaring math symbol \Delta on input line 1.
LaTeX Font Info:    Redeclaring math symbol \Theta on input line 1.
LaTeX Font Info:    Redeclaring math symbol \Lambda on input line 1.
LaTeX Font Info:    Redeclaring math symbol \Xi on input line 1.
LaTeX Font Info:    Redeclaring math symbol \Pi on input line 1.
LaTeX Font Info:    Redeclaring math symbol \Sigma on input line 1.
LaTeX Font Info:    Redeclaring math symbol \Upsilon on input line 1.
LaTeX Font Info:    Redeclaring math symbol \Phi on input line 1.
LaTeX Font Info:    Redeclaring math symbol \Psi on input line 1.
LaTeX Font Info:    Redeclaring math symbol \Omega on input line 1.
LaTeX Font Info:    Redeclaring math symbol \mathdollar on input line 1.
LaTeX Font Info:    Redeclaring symbol font `operators' on input line 1.
LaTeX Font Info:    Encoding `OT1' has changed to `EU1' for symbol font
(Font)              `operators' in the math version `normal' on input line 1.
LaTeX Font Info:    Overwriting symbol font `operators' in version `normal'
(Font)                  OT1/cmr/m/n --> EU1/custom.ttf(0)/m/n on input line 1.
LaTeX Font Info:    Encoding `OT1' has changed to `EU1' for symbol font
(Font)              `operators' in the math version `bold' on input line 1.
LaTeX Font Info:    Overwriting symbol font `operators' in version `bold'
(Font)                  OT1/cmr/bx/n --> EU1/custom.ttf(0)/m/n on input line 1.

LaTeX Font Info:    Overwriting symbol font `operators' in version `normal'
(Font)                  EU1/custom.ttf(0)/m/n --> EU1/custom.ttf(0)/m/n on inpu
t line 1.
LaTeX Font Info:    Overwriting math alphabet `\mathrm' in version `normal'
(Font)                  EU1/custom.ttf(0)/m/n --> EU1/custom.ttf(0)/m/n on inpu
t line 1.
LaTeX Font Info:    Overwriting math alphabet `\mathit' in version `normal'
(Font)                  OT1/cmr/m/it --> EU1/custom.ttf(0)/m/it on input line 1
.
LaTeX Font Info:    Overwriting math alphabet `\mathbf' in version `normal'
(Font)                  OT1/cmr/bx/n --> EU1/custom.ttf(0)/bx/n on input line 1
.
LaTeX Font Info:    Overwriting math alphabet `\mathsf' in version `normal'
(Font)                  OT1/cmss/m/n --> EU1/lmss/m/n on input line 1.
LaTeX Font Info:    Overwriting math alphabet `\mathtt' in version `normal'
(Font)                  OT1/cmtt/m/n --> EU1/lmtt/m/n on input line 1.
LaTeX Font Info:    Overwriting symbol font `operators' in version `bold'
(Font)                  EU1/custom.ttf(0)/m/n --> EU1/custom.ttf(0)/bx/n on inp
ut line 1.
LaTeX Font Info:    Overwriting math alphabet `\mathrm' in version `bold'
(Font)                  EU1/custom.ttf(0)/m/n --> EU1/custom.ttf(0)/bx/n on inp
ut line 1.
LaTeX Font Info:    Overwriting math alphabet `\mathit' in version `bold'
(Font)                  OT1/cmr/bx/it --> EU1/custom.ttf(0)/bx/it on input line
 1.
LaTeX Font Info:    Overwriting math alphabet `\mathsf' in version `bold'
(Font)                  OT1/cmss/bx/n --> EU1/lmss/bx/n on input line 1.
LaTeX Font Info:    Overwriting math alphabet `\mathtt' in version `bold'
(Font)                  OT1/cmtt/m/n --> EU1/lmtt/bx/n on input line 1.

*geometry* driver: auto-detecting
*geometry* detected driver: xetex
*geometry* verbose mode - [ preamble ] result:
* driver: xetex
* paper: <default>
* layout: <same size as paper>
* layoutoffset:(h,v)=(0.0pt,0.0pt)
* modes: 
* h-part:(L,W,R)=(0.0pt, 614.295pt, 0.0pt)
* v-part:(T,H,B)=(0.0pt, 794.96999pt, 0.0pt)
* \paperwidth=614.295pt
* \paperheight=794.96999pt
* \textwidth=614.295pt
* \textheight=794.96999pt
* \oddsidemargin=-72.26999pt
* \evensidemargin=-72.26999pt
* \topmargin=-72.26999pt
* \headheight=0.0pt
* \headsep=0.0pt
* \topskip=12.0pt
* \footskip=0.0pt
* \marginparwidth=44.0pt
* \marginparsep=10.0pt
* \columnsep=10.0pt
* \skip\footins=10.8pt plus 4.0pt minus 2.0pt
* \hoffset=0.0pt
* \voffset=0.0pt
* \mag=1000
* \@twocolumnfalse
* \@twosidefalse
* \@mparswitchfalse
* \@reversemarginfalse
* (1in=72.27pt=25.4mm, 1cm=28.453pt)

ABD: EveryShipout initializing macros
LaTeX Font Info:    Font shape `EU1/custom.ttf(0)/m/n' will be
(Font)              scaled to size 12.0pt on input line 1.
File: doortagback.pdf Graphic file (type QTm)
 <use  "doortagback.pdf" >
Overfull \hbox (0.4008pt too wide) in paragraph at lines 1--1
[][] 
 []

File: doortagback.pdf Graphic file (type QTm)
<use  "doortagback.pdf" >
Overfull \hbox (0.4008pt too wide) in paragraph at lines 2--2
[][] 
 []

File: doortagback.pdf Graphic file (type QTm)
<use  "doortagback.pdf" >
Overfull \hbox (0.4008pt too wide) in paragraph at lines 3--3
[][] 
 []

File: doortagback.pdf Graphic file (type QTm)
<use  "doortagback.pdf" >
Overfull \hbox (0.4008pt too wide) in paragraph at lines 4--4
[][] 
 []

File: doortagback.pdf Graphic file (type QTm)
<use  "doortagback.pdf" >
Overfull \hbox (0.4008pt too wide) in paragraph at lines 5--5
[][] 
 []

File: doortagback.pdf Graphic file (type QTm)
<use  "doortagback.pdf" >
Overfull \hbox (0.4008pt too wide) in paragraph at lines 6--6
[][] 
 []

File: doortagback.pdf Graphic file (type QTm)
<use  "doortagback.pdf" >
Overfull \hbox (0.4008pt too wide) in paragraph at lines 7--7
[][] 
 []

File: doortagback.pdf Graphic file (type QTm)
<use  "doortagback.pdf" >
Overfull \hbox (0.4008pt too wide) in paragraph at lines 8--8
[][] 
 []

File: doortagback.pdf Graphic file (type QTm)
<use  "doortagback.pdf" >
Overfull \hbox (0.4008pt too wide) in paragraph at lines 9--9
[][] 
 []

File: doortagback.pdf Graphic file (type QTm)
<use  "doortagback.pdf" >
Overfull \hbox (0.4008pt too wide) in paragraph at lines 10--10
[][] 
 []

[1

]
File: doortagback.pdf Graphic file (type QTm)
 <use  "doortagback.pdf" >
Overfull \hbox (0.4008pt too wide) in paragraph at lines 11--11
[][] 
 []

File: doortagback.pdf Graphic file (type QTm)
<use  "doortagback.pdf" >
Overfull \hbox (0.4008pt too wide) in paragraph at lines 12--12
[][] 
 []

File: doortagback.pdf Graphic file (type QTm)
<use  "doortagback.pdf" >
Overfull \hbox (0.4008pt too wide) in paragraph at lines 13--13
[][] 
 []

File: doortagback.pdf Graphic file (type QTm)
<use  "doortagback.pdf" >
Overfull \hbox (0.4008pt too wide) in paragraph at lines 14--14
[][] 
 []

File: doortagback.pdf Graphic file (type QTm)
<use  "doortagback.pdf" >
Overfull \hbox (0.4008pt too wide) in paragraph at lines 15--15
[][] 
 []

File: doortagback.pdf Graphic file (type QTm)
<use  "doortagback.pdf" >
Overfull \hbox (0.4008pt too wide) in paragraph at lines 16--16
[][] 
 []

File: doortagback.pdf Graphic file (type QTm)
<use  "doortagback.pdf" >
Overfull \hbox (0.4008pt too wide) in paragraph at lines 17--17
[][] 
 []

File: doortagback.pdf Graphic file (type QTm)
<use  "doortagback.pdf" >
Overfull \hbox (0.4008pt too wide) in paragraph at lines 18--18
[][] 
 []

File: doortagback.pdf Graphic file (type QTm)
<use  "doortagback.pdf" >
Overfull \hbox (0.4008pt too wide) in paragraph at lines 19--19
[][] 
 []

File: doortagback.pdf Graphic file (type QTm)
<use  "doortagback.pdf" >
Overfull \hbox (0.4008pt too wide) in paragraph at lines 20--20
[][] 
 []

[2]
File: doortagback.pdf Graphic file (type QTm)
 <use  "doortagback.pdf" >
Overfull \hbox (0.4008pt too wide) in paragraph at lines 21--21
[][] 
 []

File: doortagback.pdf Graphic file (type QTm)
<use  "doortagback.pdf" >
Overfull \hbox (0.4008pt too wide) in paragraph at lines 22--22
[][] 
 []

File: doortagback.pdf Graphic file (type QTm)
<use  "doortagback.pdf" >
Overfull \hbox (0.4008pt too wide) in paragraph at lines 23--23
[][] 
 []

File: doortagback.pdf Graphic file (type QTm)
<use  "doortagback.pdf" >
Overfull \hbox (0.4008pt too wide) in paragraph at lines 24--24
[][] 
 []

File: doortagback.pdf Graphic file (type QTm)
<use  "doortagback.pdf" >
Overfull \hbox (0.4008pt too wide) in paragraph at lines 25--25
[][] 
 []

File: doortagback.pdf Graphic file (type QTm)
<use  "doortagback.pdf" >
Overfull \hbox (0.4008pt too wide) in paragraph at lines 26--26
[][] 
 []

File: doortagback.pdf Graphic file (type QTm)
<use  "doortagback.pdf" >
Overfull \hbox (0.4008pt too wide) in paragraph at lines 27--27
[][] 
 []

File: doortagback.pdf Graphic file (type QTm)
<use  "doortagback.pdf" >
Overfull \hbox (0.4008pt too wide) in paragraph at lines 28--28
[][] 
 []

File: doortagback.pdf Graphic file (type QTm)
<use  "doortagback.pdf" >
Overfull \hbox (0.4008pt too wide) in paragraph at lines 29--29
[][] 
 []

File: doortagback.pdf Graphic file (type QTm)
<use  "doortagback.pdf" >
Overfull \hbox (0.4008pt too wide) in paragraph at lines 30--30
[][] 
 []

[3]
File: doortagback.pdf Graphic file (type QTm)
 <use  "doortagback.pdf" >
Overfull \hbox (0.4008pt too wide) in paragraph at lines 31--31
[][] 
 []

File: doortagback.pdf Graphic file (type QTm)
<use  "doortagback.pdf" >
Overfull \hbox (0.4008pt too wide) in paragraph at lines 32--32
[][] 
 []

File: doortagback.pdf Graphic file (type QTm)
<use  "doortagback.pdf" >
Overfull \hbox (0.4008pt too wide) in paragraph at lines 33--33
[][] 
 []

File: doortagback.pdf Graphic file (type QTm)
<use  "doortagback.pdf" >
Overfull \hbox (0.4008pt too wide) in paragraph at lines 34--34
[][] 
 []

File: doortagback.pdf Graphic file (type QTm)
<use  "doortagback.pdf" >
Overfull \hbox (0.4008pt too wide) in paragraph at lines 35--35
[][] 
 []

File: doortagback.pdf Graphic file (type QTm)
<use  "doortagback.pdf" >
Overfull \hbox (0.4008pt too wide) in paragraph at lines 36--36
[][] 
 []

File: doortagback.pdf Graphic file (type QTm)
<use  "doortagback.pdf" >
Overfull \hbox (0.4008pt too wide) in paragraph at lines 37--37
[][] 
 []

File: doortagback.pdf Graphic file (type QTm)
<use  "doortagback.pdf" >
Overfull \hbox (0.4008pt too wide) in paragraph at lines 38--38
[][] 
 []

File: doortagback.pdf Graphic file (type QTm)
<use  "doortagback.pdf" >
Overfull \hbox (0.4008pt too wide) in paragraph at lines 39--39
[][] 
 []

File: doortagback.pdf Graphic file (type QTm)
<use  "doortagback.pdf" >
Overfull \hbox (0.4008pt too wide) in paragraph at lines 40--40
[][] 
 []

[4]
File: doortagback.pdf Graphic file (type QTm)
 <use  "doortagback.pdf" >
Overfull \hbox (0.4008pt too wide) in paragraph at lines 41--41
[][] 
 []

File: doortagback.pdf Graphic file (type QTm)
<use  "doortagback.pdf" >
Overfull \hbox (0.4008pt too wide) in paragraph at lines 42--42
[][] 
 []

File: doortagback.pdf Graphic file (type QTm)
<use  "doortagback.pdf" >
Overfull \hbox (0.4008pt too wide) in paragraph at lines 43--43
[][] 
 []

File: doortagback.pdf Graphic file (type QTm)
<use  "doortagback.pdf" >
Overfull \hbox (0.4008pt too wide) in paragraph at lines 44--44
[][] 
 []

File: doortagback.pdf Graphic file (type QTm)
<use  "doortagback.pdf" >
Overfull \hbox (0.4008pt too wide) in paragraph at lines 45--45
[][] 
 []

File: doortagback.pdf Graphic file (type QTm)
<use  "doortagback.pdf" >
Overfull \hbox (0.4008pt too wide) in paragraph at lines 46--46
[][] 
 []

File: doortagback.pdf Graphic file (type QTm)
<use  "doortagback.pdf" >
Overfull \hbox (0.4008pt too wide) in paragraph at lines 47--47
[][] 
 []

File: doortagback.pdf Graphic file (type QTm)
<use  "doortagback.pdf" >
Overfull \hbox (0.4008pt too wide) in paragraph at lines 48--48
[][] 
 []

File: doortagback.pdf Graphic file (type QTm)
<use  "doortagback.pdf" >
Overfull \hbox (0.4008pt too wide) in paragraph at lines 49--49
[][] 
 []

File: doortagback.pdf Graphic file (type QTm)
<use  "doortagback.pdf" >
Overfull \hbox (0.4008pt too wide) in paragraph at lines 50--50
[][] 
 []

[5]
File: doortagback.pdf Graphic file (type QTm)
 <use  "doortagback.pdf" >
Overfull \hbox (0.4008pt too wide) in paragraph at lines 51--51
[][] 
 []

File: doortagback.pdf Graphic file (type QTm)
<use  "doortagback.pdf" >
Overfull \hbox (0.4008pt too wide) in paragraph at lines 52--52
[][] 
 []

File: doortagback.pdf Graphic file (type QTm)
<use  "doortagback.pdf" >
Overfull \hbox (0.4008pt too wide) in paragraph at lines 53--53
[][] 
 []

File: doortagback.pdf Graphic file (type QTm)
<use  "doortagback.pdf" >
Overfull \hbox (0.4008pt too wide) in paragraph at lines 54--54
[][] 
 []

File: doortagback.pdf Graphic file (type QTm)
<use  "doortagback.pdf" >
Overfull \hbox (0.4008pt too wide) in paragraph at lines 55--55
[][] 
 []

File: doortagback.pdf Graphic file (type QTm)
<use  "doortagback.pdf" >
Overfull \hbox (0.4008pt too wide) in paragraph at lines 56--56
[][] 
 []

File: doortagback.pdf Graphic file (type QTm)
<use  "doortagback.pdf" >
Overfull \hbox (0.4008pt too wide) in paragraph at lines 57--57
[][] 
 []

File: doortagback.pdf Graphic file (type QTm)
<use  "doortagback.pdf" >
Overfull \hbox (0.4008pt too wide) in paragraph at lines 58--58
[][] 
 []

File: doortagback.pdf Graphic file (type QTm)
<use  "doortagback.pdf" >
Overfull \hbox (0.4008pt too wide) in paragraph at lines 59--59
[][] 
 []

File: doortagback.pdf Graphic file (type QTm)
<use  "doortagback.pdf" >
Overfull \hbox (0.4008pt too wide) in paragraph at lines 60--60
[][] 
 []

[6]
File: doortagback.pdf Graphic file (type QTm)
 <use  "doortagback.pdf" >
Overfull \hbox (0.4008pt too wide) in paragraph at lines 61--61
[][] 
 []

File: doortagback.pdf Graphic file (type QTm)
<use  "doortagback.pdf" >
Overfull \hbox (0.4008pt too wide) in paragraph at lines 62--62
[][] 
 []

File: doortagback.pdf Graphic file (type QTm)
<use  "doortagback.pdf" >
Overfull \hbox (0.4008pt too wide) in paragraph at lines 63--63
[][] 
 []

File: doortagback.pdf Graphic file (type QTm)
<use  "doortagback.pdf" >
Overfull \hbox (0.4008pt too wide) in paragraph at lines 64--64
[][] 
 []

File: doortagback.pdf Graphic file (type QTm)
<use  "doortagback.pdf" >
Overfull \hbox (0.4008pt too wide) in paragraph at lines 65--65
[][] 
 []

File: doortagback.pdf Graphic file (type QTm)
<use  "doortagback.pdf" >
Overfull \hbox (0.4008pt too wide) in paragraph at lines 66--66
[][] 
 []

File: doortagback.pdf Graphic file (type QTm)
<use  "doortagback.pdf" >
Overfull \hbox (0.4008pt too wide) in paragraph at lines 67--67
[][] 
 []

File: doortagback.pdf Graphic file (type QTm)
<use  "doortagback.pdf" >
Overfull \hbox (0.4008pt too wide) in paragraph at lines 68--68
[][] 
 []

File: doortagback.pdf Graphic file (type QTm)
<use  "doortagback.pdf" >
Overfull \hbox (0.4008pt too wide) in paragraph at lines 69--69
[][] 
 []

File: doortagback.pdf Graphic file (type QTm)
<use  "doortagback.pdf" >
Overfull \hbox (0.4008pt too wide) in paragraph at lines 70--70
[][] 
 []

[7]
File: doortagback.pdf Graphic file (type QTm)
 <use  "doortagback.pdf" >
Overfull \hbox (0.4008pt too wide) in paragraph at lines 71--71
[][] 
 []

File: doortagback.pdf Graphic file (type QTm)
<use  "doortagback.pdf" >
Overfull \hbox (0.4008pt too wide) in paragraph at lines 72--72
[][] 
 []

File: doortagback.pdf Graphic file (type QTm)
<use  "doortagback.pdf" >
Overfull \hbox (0.4008pt too wide) in paragraph at lines 73--73
[][] 
 []

File: doortagback.pdf Graphic file (type QTm)
<use  "doortagback.pdf" >
Overfull \hbox (0.4008pt too wide) in paragraph at lines 74--74
[][] 
 []

File: doortagback.pdf Graphic file (type QTm)
<use  "doortagback.pdf" >
Overfull \hbox (0.4008pt too wide) in paragraph at lines 75--75
[][] 
 []

File: doortagback.pdf Graphic file (type QTm)
<use  "doortagback.pdf" >
Overfull \hbox (0.4008pt too wide) in paragraph at lines 76--76
[][] 
 []

File: doortagback.pdf Graphic file (type QTm)
<use  "doortagback.pdf" >
Overfull \hbox (0.4008pt too wide) in paragraph at lines 77--77
[][] 
 []

File: doortagback.pdf Graphic file (type QTm)
<use  "doortagback.pdf" >
Overfull \hbox (0.4008pt too wide) in paragraph at lines 78--78
[][] 
 []

File: doortagback.pdf Graphic file (type QTm)
<use  "doortagback.pdf" >
Overfull \hbox (0.4008pt too wide) in paragraph at lines 79--79
[][] 
 []

File: doortagback.pdf Graphic file (type QTm)
<use  "doortagback.pdf" >
Overfull \hbox (0.4008pt too wide) in paragraph at lines 80--80
[][] 
 []

[8]
File: doortagback.pdf Graphic file (type QTm)
 <use  "doortagback.pdf" >
Overfull \hbox (0.4008pt too wide) in paragraph at lines 81--81
[][] 
 []

File: doortagback.pdf Graphic file (type QTm)
<use  "doortagback.pdf" >
Overfull \hbox (0.4008pt too wide) in paragraph at lines 82--82
[][] 
 []

File: doortagback.pdf Graphic file (type QTm)
<use  "doortagback.pdf" >
Overfull \hbox (0.4008pt too wide) in paragraph at lines 83--83
[][] 
 []

File: doortagback.pdf Graphic file (type QTm)
<use  "doortagback.pdf" >
Overfull \hbox (0.4008pt too wide) in paragraph at lines 84--84
[][] 
 []

File: doortagback.pdf Graphic file (type QTm)
<use  "doortagback.pdf" >
Overfull \hbox (0.4008pt too wide) in paragraph at lines 85--85
[][] 
 []

File: doortagback.pdf Graphic file (type QTm)
<use  "doortagback.pdf" >
Overfull \hbox (0.4008pt too wide) in paragraph at lines 86--86
[][] 
 []

File: doortagback.pdf Graphic file (type QTm)
<use  "doortagback.pdf" >
Overfull \hbox (0.4008pt too wide) in paragraph at lines 87--87
[][] 
 []

File: doortagback.pdf Graphic file (type QTm)
<use  "doortagback.pdf" >
Overfull \hbox (0.4008pt too wide) in paragraph at lines 88--88
[][] 
 []

File: doortagback.pdf Graphic file (type QTm)
<use  "doortagback.pdf" >
Overfull \hbox (0.4008pt too wide) in paragraph at lines 89--89
[][] 
 []

File: doortagback.pdf Graphic file (type QTm)
<use  "doortagback.pdf" >
Overfull \hbox (0.4008pt too wide) in paragraph at lines 90--90
[][] 
 []

[9]
File: doortagback.pdf Graphic file (type QTm)
 <use  "doortagback.pdf" >
Overfull \hbox (0.4008pt too wide) in paragraph at lines 91--91
[][] 
 []

File: doortagback.pdf Graphic file (type QTm)
<use  "doortagback.pdf" >
Overfull \hbox (0.4008pt too wide) in paragraph at lines 92--92
[][] 
 []

File: doortagback.pdf Graphic file (type QTm)
<use  "doortagback.pdf" >
Overfull \hbox (0.4008pt too wide) in paragraph at lines 93--93
[][] 
 []

File: doortagback.pdf Graphic file (type QTm)
<use  "doortagback.pdf" >
Overfull \hbox (0.4008pt too wide) in paragraph at lines 94--94
[][] 
 []

File: doortagback.pdf Graphic file (type QTm)
<use  "doortagback.pdf" >
Overfull \hbox (0.4008pt too wide) in paragraph at lines 95--95
[][] 
 []

File: doortagback.pdf Graphic file (type QTm)
<use  "doortagback.pdf" >
Overfull \hbox (0.4008pt too wide) in paragraph at lines 96--96
[][] 
 []

File: doortagback.pdf Graphic file (type QTm)
<use  "doortagback.pdf" >
Overfull \hbox (0.4008pt too wide) in paragraph at lines 97--97
[][] 
 []

File: doortagback.pdf Graphic file (type QTm)
<use  "doortagback.pdf" >
Overfull \hbox (0.4008pt too wide) in paragraph at lines 98--98
[][] 
 []

File: doortagback.pdf Graphic file (type QTm)
<use  "doortagback.pdf" >
Overfull \hbox (0.4008pt too wide) in paragraph at lines 99--99
[][] 
 []

File: doortagback.pdf Graphic file (type QTm)
<use  "doortagback.pdf" >
Overfull \hbox (0.4008pt too wide) in paragraph at lines 100--100
[][] 
 []

[10]
File: doortagback.pdf Graphic file (type QTm)
 <use  "doortagback.pdf" >
Overfull \hbox (0.4008pt too wide) in paragraph at lines 101--101
[][] 
 []

File: doortagback.pdf Graphic file (type QTm)
<use  "doortagback.pdf" >
Overfull \hbox (0.4008pt too wide) in paragraph at lines 102--102
[][] 
 []

File: doortagback.pdf Graphic file (type QTm)
<use  "doortagback.pdf" >
Overfull \hbox (0.4008pt too wide) in paragraph at lines 103--103
[][] 
 []

File: doortagback.pdf Graphic file (type QTm)
<use  "doortagback.pdf" >
Overfull \hbox (0.4008pt too wide) in paragraph at lines 104--104
[][] 
 []

File: doortagback.pdf Graphic file (type QTm)
<use  "doortagback.pdf" >
Overfull \hbox (0.4008pt too wide) in paragraph at lines 105--105
[][] 
 []

File: doortagback.pdf Graphic file (type QTm)
<use  "doortagback.pdf" >
Overfull \hbox (0.4008pt too wide) in paragraph at lines 106--106
[][] 
 []

File: doortagback.pdf Graphic file (type QTm)
<use  "doortagback.pdf" >
Overfull \hbox (0.4008pt too wide) in paragraph at lines 107--107
[][] 
 []

File: doortagback.pdf Graphic file (type QTm)
<use  "doortagback.pdf" >
Overfull \hbox (0.4008pt too wide) in paragraph at lines 108--108
[][] 
 []

File: doortagback.pdf Graphic file (type QTm)
<use  "doortagback.pdf" >
Overfull \hbox (0.4008pt too wide) in paragraph at lines 109--109
[][] 
 []

File: doortagback.pdf Graphic file (type QTm)
<use  "doortagback.pdf" >
Overfull \hbox (0.4008pt too wide) in paragraph at lines 110--110
[][] 
 []

[11]
File: doortagback.pdf Graphic file (type QTm)
 <use  "doortagback.pdf" >
Overfull \hbox (0.4008pt too wide) in paragraph at lines 111--111
[][] 
 []

File: doortagback.pdf Graphic file (type QTm)
<use  "doortagback.pdf" >
Overfull \hbox (0.4008pt too wide) in paragraph at lines 112--112
[][] 
 []

File: doortagback.pdf Graphic file (type QTm)
<use  "doortagback.pdf" >
Overfull \hbox (0.4008pt too wide) in paragraph at lines 113--113
[][] 
 []

File: doortagback.pdf Graphic file (type QTm)
<use  "doortagback.pdf" >
Overfull \hbox (0.4008pt too wide) in paragraph at lines 114--114
[][] 
 []

File: doortagback.pdf Graphic file (type QTm)
<use  "doortagback.pdf" >
Overfull \hbox (0.4008pt too wide) in paragraph at lines 115--115
[][] 
 []

File: doortagback.pdf Graphic file (type QTm)
<use  "doortagback.pdf" >
Overfull \hbox (0.4008pt too wide) in paragraph at lines 116--116
[][] 
 []

File: doortagback.pdf Graphic file (type QTm)
<use  "doortagback.pdf" >
Overfull \hbox (0.4008pt too wide) in paragraph at lines 117--117
[][] 
 []

File: doortagback.pdf Graphic file (type QTm)
<use  "doortagback.pdf" >
Overfull \hbox (0.4008pt too wide) in paragraph at lines 118--118
[][] 
 []

File: doortagback.pdf Graphic file (type QTm)
<use  "doortagback.pdf" >
Overfull \hbox (0.4008pt too wide) in paragraph at lines 119--119
[][] 
 []

File: doortagback.pdf Graphic file (type QTm)
<use  "doortagback.pdf" >
Overfull \hbox (0.4008pt too wide) in paragraph at lines 120--120
[][] 
 []

[12]
File: doortagback.pdf Graphic file (type QTm)
 <use  "doortagback.pdf" >
Overfull \hbox (0.4008pt too wide) in paragraph at lines 121--121
[][] 
 []

File: doortagback.pdf Graphic file (type QTm)
<use  "doortagback.pdf" >
Overfull \hbox (0.4008pt too wide) in paragraph at lines 122--122
[][] 
 []

File: doortagback.pdf Graphic file (type QTm)
<use  "doortagback.pdf" >
Overfull \hbox (0.4008pt too wide) in paragraph at lines 123--123
[][] 
 []

File: doortagback.pdf Graphic file (type QTm)
<use  "doortagback.pdf" >
Overfull \hbox (0.4008pt too wide) in paragraph at lines 124--124
[][] 
 []

File: doortagback.pdf Graphic file (type QTm)
<use  "doortagback.pdf" >
Overfull \hbox (0.4008pt too wide) in paragraph at lines 125--125
[][] 
 []

File: doortagback.pdf Graphic file (type QTm)
<use  "doortagback.pdf" >
Overfull \hbox (0.4008pt too wide) in paragraph at lines 126--126
[][] 
 []

File: doortagback.pdf Graphic file (type QTm)
<use  "doortagback.pdf" >
Overfull \hbox (0.4008pt too wide) in paragraph at lines 127--127
[][] 
 []

File: doortagback.pdf Graphic file (type QTm)
<use  "doortagback.pdf" >
Overfull \hbox (0.4008pt too wide) in paragraph at lines 128--128
[][] 
 []

File: doortagback.pdf Graphic file (type QTm)
<use  "doortagback.pdf" >
Overfull \hbox (0.4008pt too wide) in paragraph at lines 129--129
[][] 
 []

File: doortagback.pdf Graphic file (type QTm)
<use  "doortagback.pdf" >
Overfull \hbox (0.4008pt too wide) in paragraph at lines 130--130
[][] 
 []

[13]
File: doortagback.pdf Graphic file (type QTm)
 <use  "doortagback.pdf" >
Overfull \hbox (0.4008pt too wide) in paragraph at lines 131--131
[][] 
 []

File: doortagback.pdf Graphic file (type QTm)
<use  "doortagback.pdf" >
Overfull \hbox (0.4008pt too wide) in paragraph at lines 132--132
[][] 
 []

File: doortagback.pdf Graphic file (type QTm)
<use  "doortagback.pdf" >
Overfull \hbox (0.4008pt too wide) in paragraph at lines 133--133
[][] 
 []

File: doortagback.pdf Graphic file (type QTm)
<use  "doortagback.pdf" >
Overfull \hbox (0.4008pt too wide) in paragraph at lines 134--134
[][] 
 []

File: doortagback.pdf Graphic file (type QTm)
<use  "doortagback.pdf" >
Overfull \hbox (0.4008pt too wide) in paragraph at lines 135--135
[][] 
 []

File: doortagback.pdf Graphic file (type QTm)
<use  "doortagback.pdf" >
Overfull \hbox (0.4008pt too wide) in paragraph at lines 136--136
[][] 
 []

File: doortagback.pdf Graphic file (type QTm)
<use  "doortagback.pdf" >
Overfull \hbox (0.4008pt too wide) in paragraph at lines 137--137
[][] 
 []

File: doortagback.pdf Graphic file (type QTm)
<use  "doortagback.pdf" >
Overfull \hbox (0.4008pt too wide) in paragraph at lines 138--138
[][] 
 []

File: doortagback.pdf Graphic file (type QTm)
<use  "doortagback.pdf" >
Overfull \hbox (0.4008pt too wide) in paragraph at lines 139--139
[][] 
 []

File: doortagback.pdf Graphic file (type QTm)
<use  "doortagback.pdf" >
Overfull \hbox (0.4008pt too wide) in paragraph at lines 140--140
[][] 
 []

[14]
File: doortagback.pdf Graphic file (type QTm)
 <use  "doortagback.pdf" >
Overfull \hbox (0.4008pt too wide) in paragraph at lines 141--141
[][] 
 []

File: doortagback.pdf Graphic file (type QTm)
<use  "doortagback.pdf" >
Overfull \hbox (0.4008pt too wide) in paragraph at lines 142--142
[][] 
 []

File: doortagback.pdf Graphic file (type QTm)
<use  "doortagback.pdf" >
Overfull \hbox (0.4008pt too wide) in paragraph at lines 143--143
[][] 
 []

File: doortagback.pdf Graphic file (type QTm)
<use  "doortagback.pdf" >
Overfull \hbox (0.4008pt too wide) in paragraph at lines 144--144
[][] 
 []

File: doortagback.pdf Graphic file (type QTm)
<use  "doortagback.pdf" >
Overfull \hbox (0.4008pt too wide) in paragraph at lines 145--145
[][] 
 []

File: doortagback.pdf Graphic file (type QTm)
<use  "doortagback.pdf" >
Overfull \hbox (0.4008pt too wide) in paragraph at lines 146--146
[][] 
 []

File: doortagback.pdf Graphic file (type QTm)
<use  "doortagback.pdf" >
Overfull \hbox (0.4008pt too wide) in paragraph at lines 147--147
[][] 
 []

File: doortagback.pdf Graphic file (type QTm)
<use  "doortagback.pdf" >
Overfull \hbox (0.4008pt too wide) in paragraph at lines 148--148
[][] 
 []

File: doortagback.pdf Graphic file (type QTm)
<use  "doortagback.pdf" >
Overfull \hbox (0.4008pt too wide) in paragraph at lines 149--149
[][] 
 []

File: doortagback.pdf Graphic file (type QTm)
<use  "doortagback.pdf" >
Overfull \hbox (0.4008pt too wide) in paragraph at lines 150--150
[][] 
 []

[15]
File: doortagback.pdf Graphic file (type QTm)
 <use  "doortagback.pdf" >
Overfull \hbox (0.4008pt too wide) in paragraph at lines 151--151
[][] 
 []

File: doortagback.pdf Graphic file (type QTm)
<use  "doortagback.pdf" >
Overfull \hbox (0.4008pt too wide) in paragraph at lines 152--152
[][] 
 []

File: doortagback.pdf Graphic file (type QTm)
<use  "doortagback.pdf" >
Overfull \hbox (0.4008pt too wide) in paragraph at lines 153--153
[][] 
 []

File: doortagback.pdf Graphic file (type QTm)
<use  "doortagback.pdf" >
Overfull \hbox (0.4008pt too wide) in paragraph at lines 154--154
[][] 
 []

File: doortagback.pdf Graphic file (type QTm)
<use  "doortagback.pdf" >
Overfull \hbox (0.4008pt too wide) in paragraph at lines 155--155
[][] 
 []

File: doortagback.pdf Graphic file (type QTm)
<use  "doortagback.pdf" >
Overfull \hbox (0.4008pt too wide) in paragraph at lines 156--156
[][] 
 []

File: doortagback.pdf Graphic file (type QTm)
<use  "doortagback.pdf" >
Overfull \hbox (0.4008pt too wide) in paragraph at lines 157--157
[][] 
 []

File: doortagback.pdf Graphic file (type QTm)
<use  "doortagback.pdf" >
Overfull \hbox (0.4008pt too wide) in paragraph at lines 158--158
[][] 
 []

File: doortagback.pdf Graphic file (type QTm)
<use  "doortagback.pdf" >
Overfull \hbox (0.4008pt too wide) in paragraph at lines 159--159
[][] 
 []

File: doortagback.pdf Graphic file (type QTm)
<use  "doortagback.pdf" >
Overfull \hbox (0.4008pt too wide) in paragraph at lines 160--160
[][] 
 []

[16]
File: doortagback.pdf Graphic file (type QTm)
 <use  "doortagback.pdf" >
Overfull \hbox (0.4008pt too wide) in paragraph at lines 161--161
[][] 
 []

File: doortagback.pdf Graphic file (type QTm)
<use  "doortagback.pdf" >
Overfull \hbox (0.4008pt too wide) in paragraph at lines 162--162
[][] 
 []

File: doortagback.pdf Graphic file (type QTm)
<use  "doortagback.pdf" >
Overfull \hbox (0.4008pt too wide) in paragraph at lines 163--163
[][] 
 []

File: doortagback.pdf Graphic file (type QTm)
<use  "doortagback.pdf" >
Overfull \hbox (0.4008pt too wide) in paragraph at lines 164--164
[][] 
 []

File: doortagback.pdf Graphic file (type QTm)
<use  "doortagback.pdf" >
Overfull \hbox (0.4008pt too wide) in paragraph at lines 165--165
[][] 
 []

File: doortagback.pdf Graphic file (type QTm)
<use  "doortagback.pdf" >
Overfull \hbox (0.4008pt too wide) in paragraph at lines 166--166
[][] 
 []

File: doortagback.pdf Graphic file (type QTm)
<use  "doortagback.pdf" >
Overfull \hbox (0.4008pt too wide) in paragraph at lines 167--167
[][] 
 []

File: doortagback.pdf Graphic file (type QTm)
<use  "doortagback.pdf" >
Overfull \hbox (0.4008pt too wide) in paragraph at lines 168--168
[][] 
 []

File: doortagback.pdf Graphic file (type QTm)
<use  "doortagback.pdf" >
Overfull \hbox (0.4008pt too wide) in paragraph at lines 169--169
[][] 
 []

File: doortagback.pdf Graphic file (type QTm)
<use  "doortagback.pdf" >
Overfull \hbox (0.4008pt too wide) in paragraph at lines 170--170
[][] 
 []

[17]
File: doortagback.pdf Graphic file (type QTm)
 <use  "doortagback.pdf" >
Overfull \hbox (0.4008pt too wide) in paragraph at lines 171--171
[][] 
 []

File: doortagback.pdf Graphic file (type QTm)
<use  "doortagback.pdf" >
Overfull \hbox (0.4008pt too wide) in paragraph at lines 172--172
[][] 
 []

File: doortagback.pdf Graphic file (type QTm)
<use  "doortagback.pdf" >
Overfull \hbox (0.4008pt too wide) in paragraph at lines 173--173
[][] 
 []

File: doortagback.pdf Graphic file (type QTm)
<use  "doortagback.pdf" >
Overfull \hbox (0.4008pt too wide) in paragraph at lines 174--174
[][] 
 []

File: doortagback.pdf Graphic file (type QTm)
<use  "doortagback.pdf" >
Overfull \hbox (0.4008pt too wide) in paragraph at lines 175--175
[][] 
 []

File: doortagback.pdf Graphic file (type QTm)
<use  "doortagback.pdf" >
Overfull \hbox (0.4008pt too wide) in paragraph at lines 176--176
[][] 
 []

File: doortagback.pdf Graphic file (type QTm)
<use  "doortagback.pdf" >
Overfull \hbox (0.4008pt too wide) in paragraph at lines 177--177
[][] 
 []

File: doortagback.pdf Graphic file (type QTm)
<use  "doortagback.pdf" >
Overfull \hbox (0.4008pt too wide) in paragraph at lines 178--178
[][] 
 []

File: doortagback.pdf Graphic file (type QTm)
<use  "doortagback.pdf" >
Overfull \hbox (0.4008pt too wide) in paragraph at lines 179--179
[][] 
 []

File: doortagback.pdf Graphic file (type QTm)
<use  "doortagback.pdf" >
Overfull \hbox (0.4008pt too wide) in paragraph at lines 180--180
[][] 
 []

[18]
File: doortagback.pdf Graphic file (type QTm)
 <use  "doortagback.pdf" >
Overfull \hbox (0.4008pt too wide) in paragraph at lines 181--181
[][] 
 []

File: doortagback.pdf Graphic file (type QTm)
<use  "doortagback.pdf" >
Overfull \hbox (0.4008pt too wide) in paragraph at lines 182--182
[][] 
 []

File: doortagback.pdf Graphic file (type QTm)
<use  "doortagback.pdf" >
Overfull \hbox (0.4008pt too wide) in paragraph at lines 183--183
[][] 
 []

File: doortagback.pdf Graphic file (type QTm)
<use  "doortagback.pdf" >
Overfull \hbox (0.4008pt too wide) in paragraph at lines 184--184
[][] 
 []

File: doortagback.pdf Graphic file (type QTm)
<use  "doortagback.pdf" >
Overfull \hbox (0.4008pt too wide) in paragraph at lines 185--185
[][] 
 []

File: doortagback.pdf Graphic file (type QTm)
<use  "doortagback.pdf" >
Overfull \hbox (0.4008pt too wide) in paragraph at lines 186--186
[][] 
 []

File: doortagback.pdf Graphic file (type QTm)
<use  "doortagback.pdf" >
Overfull \hbox (0.4008pt too wide) in paragraph at lines 187--187
[][] 
 []

File: doortagback.pdf Graphic file (type QTm)
<use  "doortagback.pdf" >
Overfull \hbox (0.4008pt too wide) in paragraph at lines 188--188
[][] 
 []

File: doortagback.pdf Graphic file (type QTm)
<use  "doortagback.pdf" >
Overfull \hbox (0.4008pt too wide) in paragraph at lines 189--189
[][] 
 []

File: doortagback.pdf Graphic file (type QTm)
<use  "doortagback.pdf" >
Overfull \hbox (0.4008pt too wide) in paragraph at lines 190--190
[][] 
 []

[19]
File: doortagback.pdf Graphic file (type QTm)
 <use  "doortagback.pdf" >
Overfull \hbox (0.4008pt too wide) in paragraph at lines 191--191
[][] 
 []

File: doortagback.pdf Graphic file (type QTm)
<use  "doortagback.pdf" >
Overfull \hbox (0.4008pt too wide) in paragraph at lines 192--192
[][] 
 []

File: doortagback.pdf Graphic file (type QTm)
<use  "doortagback.pdf" >
Overfull \hbox (0.4008pt too wide) in paragraph at lines 193--193
[][] 
 []

File: doortagback.pdf Graphic file (type QTm)
<use  "doortagback.pdf" >
Overfull \hbox (0.4008pt too wide) in paragraph at lines 194--194
[][] 
 []

File: doortagback.pdf Graphic file (type QTm)
<use  "doortagback.pdf" >
Overfull \hbox (0.4008pt too wide) in paragraph at lines 195--195
[][] 
 []

File: doortagback.pdf Graphic file (type QTm)
<use  "doortagback.pdf" >
Overfull \hbox (0.4008pt too wide) in paragraph at lines 196--196
[][] 
 []

File: doortagback.pdf Graphic file (type QTm)
<use  "doortagback.pdf" >
Overfull \hbox (0.4008pt too wide) in paragraph at lines 197--197
[][] 
 []

File: doortagback.pdf Graphic file (type QTm)
<use  "doortagback.pdf" >
Overfull \hbox (0.4008pt too wide) in paragraph at lines 198--198
[][] 
 []

File: doortagback.pdf Graphic file (type QTm)
<use  "doortagback.pdf" >
Overfull \hbox (0.4008pt too wide) in paragraph at lines 199--199
[][] 
 []

File: doortagback.pdf Graphic file (type QTm)
<use  "doortagback.pdf" >
Overfull \hbox (0.4008pt too wide) in paragraph at lines 200--200
[][] 
 []

[20]
File: doortagback.pdf Graphic file (type QTm)
 <use  "doortagback.pdf" >
Overfull \hbox (0.4008pt too wide) in paragraph at lines 201--201
[][] 
 []

File: doortagback.pdf Graphic file (type QTm)
<use  "doortagback.pdf" >
Overfull \hbox (0.4008pt too wide) in paragraph at lines 202--202
[][] 
 []

File: doortagback.pdf Graphic file (type QTm)
<use  "doortagback.pdf" >
Overfull \hbox (0.4008pt too wide) in paragraph at lines 203--203
[][] 
 []

File: doortagback.pdf Graphic file (type QTm)
<use  "doortagback.pdf" >
Overfull \hbox (0.4008pt too wide) in paragraph at lines 204--204
[][] 
 []

File: doortagback.pdf Graphic file (type QTm)
<use  "doortagback.pdf" >
Overfull \hbox (0.4008pt too wide) in paragraph at lines 205--205
[][] 
 []

File: doortagback.pdf Graphic file (type QTm)
<use  "doortagback.pdf" >
Overfull \hbox (0.4008pt too wide) in paragraph at lines 206--206
[][] 
 []

File: doortagback.pdf Graphic file (type QTm)
<use  "doortagback.pdf" >
Overfull \hbox (0.4008pt too wide) in paragraph at lines 207--207
[][] 
 []

File: doortagback.pdf Graphic file (type QTm)
<use  "doortagback.pdf" >
Overfull \hbox (0.4008pt too wide) in paragraph at lines 208--208
[][] 
 []

File: doortagback.pdf Graphic file (type QTm)
<use  "doortagback.pdf" >
Overfull \hbox (0.4008pt too wide) in paragraph at lines 209--209
[][] 
 []

File: doortagback.pdf Graphic file (type QTm)
<use  "doortagback.pdf" >
Overfull \hbox (0.4008pt too wide) in paragraph at lines 210--210
[][] 
 []

[21]
File: doortagback.pdf Graphic file (type QTm)
 <use  "doortagback.pdf" >
Overfull \hbox (0.4008pt too wide) in paragraph at lines 211--211
[][] 
 []

File: doortagback.pdf Graphic file (type QTm)
<use  "doortagback.pdf" >
Overfull \hbox (0.4008pt too wide) in paragraph at lines 212--212
[][] 
 []

File: doortagback.pdf Graphic file (type QTm)
<use  "doortagback.pdf" >
Overfull \hbox (0.4008pt too wide) in paragraph at lines 213--213
[][] 
 []

File: doortagback.pdf Graphic file (type QTm)
<use  "doortagback.pdf" >
Overfull \hbox (0.4008pt too wide) in paragraph at lines 214--214
[][] 
 []

File: doortagback.pdf Graphic file (type QTm)
<use  "doortagback.pdf" >
Overfull \hbox (0.4008pt too wide) in paragraph at lines 215--215
[][] 
 []

File: doortagback.pdf Graphic file (type QTm)
<use  "doortagback.pdf" >
Overfull \hbox (0.4008pt too wide) in paragraph at lines 216--216
[][] 
 []

File: doortagback.pdf Graphic file (type QTm)
<use  "doortagback.pdf" >
Overfull \hbox (0.4008pt too wide) in paragraph at lines 217--217
[][] 
 []

File: doortagback.pdf Graphic file (type QTm)
<use  "doortagback.pdf" >
Overfull \hbox (0.4008pt too wide) in paragraph at lines 218--218
[][] 
 []

File: doortagback.pdf Graphic file (type QTm)
<use  "doortagback.pdf" >
Overfull \hbox (0.4008pt too wide) in paragraph at lines 219--219
[][] 
 []

File: doortagback.pdf Graphic file (type QTm)
<use  "doortagback.pdf" >
Overfull \hbox (0.4008pt too wide) in paragraph at lines 220--220
[][] 
 []

[22]
File: doortagback.pdf Graphic file (type QTm)
 <use  "doortagback.pdf" >
Overfull \hbox (0.4008pt too wide) in paragraph at lines 221--221
[][] 
 []

File: doortagback.pdf Graphic file (type QTm)
<use  "doortagback.pdf" >
Overfull \hbox (0.4008pt too wide) in paragraph at lines 222--222
[][] 
 []

File: doortagback.pdf Graphic file (type QTm)
<use  "doortagback.pdf" >
Overfull \hbox (0.4008pt too wide) in paragraph at lines 223--223
[][] 
 []

File: doortagback.pdf Graphic file (type QTm)
<use  "doortagback.pdf" >
Overfull \hbox (0.4008pt too wide) in paragraph at lines 224--224
[][] 
 []

File: doortagback.pdf Graphic file (type QTm)
<use  "doortagback.pdf" >
Overfull \hbox (0.4008pt too wide) in paragraph at lines 225--225
[][] 
 []

File: doortagback.pdf Graphic file (type QTm)
<use  "doortagback.pdf" >
Overfull \hbox (0.4008pt too wide) in paragraph at lines 226--226
[][] 
 []

File: doortagback.pdf Graphic file (type QTm)
<use  "doortagback.pdf" >
Overfull \hbox (0.4008pt too wide) in paragraph at lines 227--227
[][] 
 []

File: doortagback.pdf Graphic file (type QTm)
<use  "doortagback.pdf" >
Overfull \hbox (0.4008pt too wide) in paragraph at lines 228--228
[][] 
 []

File: doortagback.pdf Graphic file (type QTm)
<use  "doortagback.pdf" >
Overfull \hbox (0.4008pt too wide) in paragraph at lines 229--229
[][] 
 []

File: doortagback.pdf Graphic file (type QTm)
<use  "doortagback.pdf" >
Overfull \hbox (0.4008pt too wide) in paragraph at lines 230--230
[][] 
 []

[23]
File: doortagback.pdf Graphic file (type QTm)
 <use  "doortagback.pdf" >
Overfull \hbox (0.4008pt too wide) in paragraph at lines 231--231
[][] 
 []

File: doortagback.pdf Graphic file (type QTm)
<use  "doortagback.pdf" >
Overfull \hbox (0.4008pt too wide) in paragraph at lines 232--232
[][] 
 []

File: doortagback.pdf Graphic file (type QTm)
<use  "doortagback.pdf" >
Overfull \hbox (0.4008pt too wide) in paragraph at lines 233--233
[][] 
 []

File: doortagback.pdf Graphic file (type QTm)
<use  "doortagback.pdf" >
Overfull \hbox (0.4008pt too wide) in paragraph at lines 234--234
[][] 
 []

File: doortagback.pdf Graphic file (type QTm)
<use  "doortagback.pdf" >
Overfull \hbox (0.4008pt too wide) in paragraph at lines 235--235
[][] 
 []

File: doortagback.pdf Graphic file (type QTm)
<use  "doortagback.pdf" >
Overfull \hbox (0.4008pt too wide) in paragraph at lines 236--236
[][] 
 []

File: doortagback.pdf Graphic file (type QTm)
<use  "doortagback.pdf" >
Overfull \hbox (0.4008pt too wide) in paragraph at lines 237--237
[][] 
 []

File: doortagback.pdf Graphic file (type QTm)
<use  "doortagback.pdf" >
Overfull \hbox (0.4008pt too wide) in paragraph at lines 238--238
[][] 
 []

File: doortagback.pdf Graphic file (type QTm)
<use  "doortagback.pdf" >
Overfull \hbox (0.4008pt too wide) in paragraph at lines 239--239
[][] 
 []

File: doortagback.pdf Graphic file (type QTm)
<use  "doortagback.pdf" >
Overfull \hbox (0.4008pt too wide) in paragraph at lines 240--240
[][] 
 []

[24]
File: doortagback.pdf Graphic file (type QTm)
 <use  "doortagback.pdf" >
Overfull \hbox (0.4008pt too wide) in paragraph at lines 241--241
[][] 
 []

File: doortagback.pdf Graphic file (type QTm)
<use  "doortagback.pdf" >
Overfull \hbox (0.4008pt too wide) in paragraph at lines 242--242
[][] 
 []

File: doortagback.pdf Graphic file (type QTm)
<use  "doortagback.pdf" >
Overfull \hbox (0.4008pt too wide) in paragraph at lines 243--243
[][] 
 []

File: doortagback.pdf Graphic file (type QTm)
<use  "doortagback.pdf" >
Overfull \hbox (0.4008pt too wide) in paragraph at lines 244--244
[][] 
 []

File: doortagback.pdf Graphic file (type QTm)
<use  "doortagback.pdf" >
Overfull \hbox (0.4008pt too wide) in paragraph at lines 245--245
[][] 
 []

File: doortagback.pdf Graphic file (type QTm)
<use  "doortagback.pdf" >
Overfull \hbox (0.4008pt too wide) in paragraph at lines 246--246
[][] 
 []

File: doortagback.pdf Graphic file (type QTm)
<use  "doortagback.pdf" >
Overfull \hbox (0.4008pt too wide) in paragraph at lines 247--247
[][] 
 []

File: doortagback.pdf Graphic file (type QTm)
<use  "doortagback.pdf" >
Overfull \hbox (0.4008pt too wide) in paragraph at lines 248--248
[][] 
 []

File: doortagback.pdf Graphic file (type QTm)
<use  "doortagback.pdf" >
Overfull \hbox (0.4008pt too wide) in paragraph at lines 249--249
[][] 
 []

File: doortagback.pdf Graphic file (type QTm)
<use  "doortagback.pdf" >
Overfull \hbox (0.4008pt too wide) in paragraph at lines 250--250
[][] 
 []

[25]
File: doortagback.pdf Graphic file (type QTm)
 <use  "doortagback.pdf" >
Overfull \hbox (0.4008pt too wide) in paragraph at lines 251--251
[][] 
 []

File: doortagback.pdf Graphic file (type QTm)
<use  "doortagback.pdf" >
Overfull \hbox (0.4008pt too wide) in paragraph at lines 252--252
[][] 
 []

File: doortagback.pdf Graphic file (type QTm)
<use  "doortagback.pdf" >
Overfull \hbox (0.4008pt too wide) in paragraph at lines 253--253
[][] 
 []

File: doortagback.pdf Graphic file (type QTm)
<use  "doortagback.pdf" >
Overfull \hbox (0.4008pt too wide) in paragraph at lines 254--254
[][] 
 []

File: doortagback.pdf Graphic file (type QTm)
<use  "doortagback.pdf" >
Overfull \hbox (0.4008pt too wide) in paragraph at lines 255--255
[][] 
 []

File: doortagback.pdf Graphic file (type QTm)
<use  "doortagback.pdf" >
Overfull \hbox (0.4008pt too wide) in paragraph at lines 256--256
[][] 
 []

File: doortagback.pdf Graphic file (type QTm)
<use  "doortagback.pdf" >
Overfull \hbox (0.4008pt too wide) in paragraph at lines 257--257
[][] 
 []

File: doortagback.pdf Graphic file (type QTm)
<use  "doortagback.pdf" >
Overfull \hbox (0.4008pt too wide) in paragraph at lines 258--258
[][] 
 []

File: doortagback.pdf Graphic file (type QTm)
<use  "doortagback.pdf" >
Overfull \hbox (0.4008pt too wide) in paragraph at lines 259--259
[][] 
 []

File: doortagback.pdf Graphic file (type QTm)
<use  "doortagback.pdf" >
Overfull \hbox (0.4008pt too wide) in paragraph at lines 260--260
[][] 
 []

[26]
File: doortagback.pdf Graphic file (type QTm)
 <use  "doortagback.pdf" >
Overfull \hbox (0.4008pt too wide) in paragraph at lines 261--261
[][] 
 []

File: doortagback.pdf Graphic file (type QTm)
<use  "doortagback.pdf" >
Overfull \hbox (0.4008pt too wide) in paragraph at lines 262--262
[][] 
 []

File: doortagback.pdf Graphic file (type QTm)
<use  "doortagback.pdf" >
Overfull \hbox (0.4008pt too wide) in paragraph at lines 263--263
[][] 
 []

File: doortagback.pdf Graphic file (type QTm)
<use  "doortagback.pdf" >
Overfull \hbox (0.4008pt too wide) in paragraph at lines 264--264
[][] 
 []

File: doortagback.pdf Graphic file (type QTm)
<use  "doortagback.pdf" >
Overfull \hbox (0.4008pt too wide) in paragraph at lines 265--265
[][] 
 []

File: doortagback.pdf Graphic file (type QTm)
<use  "doortagback.pdf" >
Overfull \hbox (0.4008pt too wide) in paragraph at lines 266--266
[][] 
 []

File: doortagback.pdf Graphic file (type QTm)
<use  "doortagback.pdf" >
Overfull \hbox (0.4008pt too wide) in paragraph at lines 267--267
[][] 
 []

File: doortagback.pdf Graphic file (type QTm)
<use  "doortagback.pdf" >
Overfull \hbox (0.4008pt too wide) in paragraph at lines 268--268
[][] 
 []

File: doortagback.pdf Graphic file (type QTm)
<use  "doortagback.pdf" >
Overfull \hbox (0.4008pt too wide) in paragraph at lines 269--269
[][] 
 []

File: doortagback.pdf Graphic file (type QTm)
<use  "doortagback.pdf" >
Overfull \hbox (0.4008pt too wide) in paragraph at lines 270--270
[][] 
 []

[27]
File: doortagback.pdf Graphic file (type QTm)
 <use  "doortagback.pdf" >
Overfull \hbox (0.4008pt too wide) in paragraph at lines 271--271
[][] 
 []

File: doortagback.pdf Graphic file (type QTm)
<use  "doortagback.pdf" >
Overfull \hbox (0.4008pt too wide) in paragraph at lines 272--272
[][] 
 []

File: doortagback.pdf Graphic file (type QTm)
<use  "doortagback.pdf" >
Overfull \hbox (0.4008pt too wide) in paragraph at lines 273--273
[][] 
 []

File: doortagback.pdf Graphic file (type QTm)
<use  "doortagback.pdf" >
Overfull \hbox (0.4008pt too wide) in paragraph at lines 274--274
[][] 
 []

File: doortagback.pdf Graphic file (type QTm)
<use  "doortagback.pdf" >
Overfull \hbox (0.4008pt too wide) in paragraph at lines 275--275
[][] 
 []

File: doortagback.pdf Graphic file (type QTm)
<use  "doortagback.pdf" >
Overfull \hbox (0.4008pt too wide) in paragraph at lines 276--276
[][] 
 []

File: doortagback.pdf Graphic file (type QTm)
<use  "doortagback.pdf" >
Overfull \hbox (0.4008pt too wide) in paragraph at lines 277--277
[][] 
 []

File: doortagback.pdf Graphic file (type QTm)
<use  "doortagback.pdf" >
Overfull \hbox (0.4008pt too wide) in paragraph at lines 278--278
[][] 
 []

File: doortagback.pdf Graphic file (type QTm)
<use  "doortagback.pdf" >
Overfull \hbox (0.4008pt too wide) in paragraph at lines 279--279
[][] 
 []

File: doortagback.pdf Graphic file (type QTm)
<use  "doortagback.pdf" >
Overfull \hbox (0.4008pt too wide) in paragraph at lines 280--280
[][] 
 []

[28]
File: doortagback.pdf Graphic file (type QTm)
 <use  "doortagback.pdf" >
Overfull \hbox (0.4008pt too wide) in paragraph at lines 281--281
[][] 
 []

File: doortagback.pdf Graphic file (type QTm)
<use  "doortagback.pdf" >
Overfull \hbox (0.4008pt too wide) in paragraph at lines 282--282
[][] 
 []

File: doortagback.pdf Graphic file (type QTm)
<use  "doortagback.pdf" >
Overfull \hbox (0.4008pt too wide) in paragraph at lines 283--283
[][] 
 []

File: doortagback.pdf Graphic file (type QTm)
<use  "doortagback.pdf" >
Overfull \hbox (0.4008pt too wide) in paragraph at lines 284--284
[][] 
 []

File: doortagback.pdf Graphic file (type QTm)
<use  "doortagback.pdf" >
Overfull \hbox (0.4008pt too wide) in paragraph at lines 285--285
[][] 
 []

File: doortagback.pdf Graphic file (type QTm)
<use  "doortagback.pdf" >
Overfull \hbox (0.4008pt too wide) in paragraph at lines 286--286
[][] 
 []

File: doortagback.pdf Graphic file (type QTm)
<use  "doortagback.pdf" >
Overfull \hbox (0.4008pt too wide) in paragraph at lines 287--287
[][] 
 []

File: doortagback.pdf Graphic file (type QTm)
<use  "doortagback.pdf" >
Overfull \hbox (0.4008pt too wide) in paragraph at lines 288--288
[][] 
 []

File: doortagback.pdf Graphic file (type QTm)
<use  "doortagback.pdf" >
Overfull \hbox (0.4008pt too wide) in paragraph at lines 289--289
[][] 
 []

File: doortagback.pdf Graphic file (type QTm)
<use  "doortagback.pdf" >
Overfull \hbox (0.4008pt too wide) in paragraph at lines 290--290
[][] 
 []

[29]
File: doortagback.pdf Graphic file (type QTm)
 <use  "doortagback.pdf" >
Overfull \hbox (0.4008pt too wide) in paragraph at lines 291--291
[][] 
 []

File: doortagback.pdf Graphic file (type QTm)
<use  "doortagback.pdf" >
Overfull \hbox (0.4008pt too wide) in paragraph at lines 292--292
[][] 
 []

File: doortagback.pdf Graphic file (type QTm)
<use  "doortagback.pdf" >
Overfull \hbox (0.4008pt too wide) in paragraph at lines 293--293
[][] 
 []

File: doortagback.pdf Graphic file (type QTm)
<use  "doortagback.pdf" >
Overfull \hbox (0.4008pt too wide) in paragraph at lines 294--294
[][] 
 []

File: doortagback.pdf Graphic file (type QTm)
<use  "doortagback.pdf" >
Overfull \hbox (0.4008pt too wide) in paragraph at lines 295--295
[][] 
 []

File: doortagback.pdf Graphic file (type QTm)
<use  "doortagback.pdf" >
Overfull \hbox (0.4008pt too wide) in paragraph at lines 296--296
[][] 
 []

File: doortagback.pdf Graphic file (type QTm)
<use  "doortagback.pdf" >
Overfull \hbox (0.4008pt too wide) in paragraph at lines 297--297
[][] 
 []

File: doortagback.pdf Graphic file (type QTm)
<use  "doortagback.pdf" >
Overfull \hbox (0.4008pt too wide) in paragraph at lines 298--298
[][] 
 []

File: doortagback.pdf Graphic file (type QTm)
<use  "doortagback.pdf" >
Overfull \hbox (0.4008pt too wide) in paragraph at lines 299--299
[][] 
 []

File: doortagback.pdf Graphic file (type QTm)
<use  "doortagback.pdf" >
Overfull \hbox (0.4008pt too wide) in paragraph at lines 300--300
[][] 
 []

[30]
File: doortagback.pdf Graphic file (type QTm)
 <use  "doortagback.pdf" >
Overfull \hbox (0.4008pt too wide) in paragraph at lines 301--301
[][] 
 []

File: doortagback.pdf Graphic file (type QTm)
<use  "doortagback.pdf" >
Overfull \hbox (0.4008pt too wide) in paragraph at lines 302--302
[][] 
 []

File: doortagback.pdf Graphic file (type QTm)
<use  "doortagback.pdf" >
Overfull \hbox (0.4008pt too wide) in paragraph at lines 303--303
[][] 
 []

File: doortagback.pdf Graphic file (type QTm)
<use  "doortagback.pdf" >
Overfull \hbox (0.4008pt too wide) in paragraph at lines 304--304
[][] 
 []

File: doortagback.pdf Graphic file (type QTm)
<use  "doortagback.pdf" >
Overfull \hbox (0.4008pt too wide) in paragraph at lines 305--305
[][] 
 []

File: doortagback.pdf Graphic file (type QTm)
<use  "doortagback.pdf" >
Overfull \hbox (0.4008pt too wide) in paragraph at lines 306--306
[][] 
 []

File: doortagback.pdf Graphic file (type QTm)
<use  "doortagback.pdf" >
Overfull \hbox (0.4008pt too wide) in paragraph at lines 307--307
[][] 
 []

File: doortagback.pdf Graphic file (type QTm)
<use  "doortagback.pdf" >
Overfull \hbox (0.4008pt too wide) in paragraph at lines 308--308
[][] 
 []

File: doortagback.pdf Graphic file (type QTm)
<use  "doortagback.pdf" >
Overfull \hbox (0.4008pt too wide) in paragraph at lines 309--309
[][] 
 []

File: doortagback.pdf Graphic file (type QTm)
<use  "doortagback.pdf" >
Overfull \hbox (0.4008pt too wide) in paragraph at lines 310--310
[][] 
 []

[31]
File: doortagback.pdf Graphic file (type QTm)
 <use  "doortagback.pdf" >
Overfull \hbox (0.4008pt too wide) in paragraph at lines 311--311
[][] 
 []

File: doortagback.pdf Graphic file (type QTm)
<use  "doortagback.pdf" >
Overfull \hbox (0.4008pt too wide) in paragraph at lines 312--312
[][] 
 []

File: doortagback.pdf Graphic file (type QTm)
<use  "doortagback.pdf" >
Overfull \hbox (0.4008pt too wide) in paragraph at lines 313--313
[][] 
 []

File: doortagback.pdf Graphic file (type QTm)
<use  "doortagback.pdf" >
Overfull \hbox (0.4008pt too wide) in paragraph at lines 314--314
[][] 
 []

File: doortagback.pdf Graphic file (type QTm)
<use  "doortagback.pdf" >
Overfull \hbox (0.4008pt too wide) in paragraph at lines 315--315
[][] 
 []

File: doortagback.pdf Graphic file (type QTm)
<use  "doortagback.pdf" >
Overfull \hbox (0.4008pt too wide) in paragraph at lines 316--316
[][] 
 []

File: doortagback.pdf Graphic file (type QTm)
<use  "doortagback.pdf" >
Overfull \hbox (0.4008pt too wide) in paragraph at lines 317--317
[][] 
 []

File: doortagback.pdf Graphic file (type QTm)
<use  "doortagback.pdf" >
Overfull \hbox (0.4008pt too wide) in paragraph at lines 318--318
[][] 
 []

File: doortagback.pdf Graphic file (type QTm)
<use  "doortagback.pdf" >
Overfull \hbox (0.4008pt too wide) in paragraph at lines 319--319
[][] 
 []

File: doortagback.pdf Graphic file (type QTm)
<use  "doortagback.pdf" >
Overfull \hbox (0.4008pt too wide) in paragraph at lines 320--320
[][] 
 []

[32]
File: doortagback.pdf Graphic file (type QTm)
 <use  "doortagback.pdf" >
Overfull \hbox (0.4008pt too wide) in paragraph at lines 321--321
[][] 
 []

File: doortagback.pdf Graphic file (type QTm)
<use  "doortagback.pdf" >
Overfull \hbox (0.4008pt too wide) in paragraph at lines 322--322
[][] 
 []

File: doortagback.pdf Graphic file (type QTm)
<use  "doortagback.pdf" >
Overfull \hbox (0.4008pt too wide) in paragraph at lines 323--323
[][] 
 []

File: doortagback.pdf Graphic file (type QTm)
<use  "doortagback.pdf" >
Overfull \hbox (0.4008pt too wide) in paragraph at lines 324--324
[][] 
 []

File: doortagback.pdf Graphic file (type QTm)
<use  "doortagback.pdf" >
Overfull \hbox (0.4008pt too wide) in paragraph at lines 325--325
[][] 
 []

File: doortagback.pdf Graphic file (type QTm)
<use  "doortagback.pdf" >
Overfull \hbox (0.4008pt too wide) in paragraph at lines 326--326
[][] 
 []

File: doortagback.pdf Graphic file (type QTm)
<use  "doortagback.pdf" >
Overfull \hbox (0.4008pt too wide) in paragraph at lines 327--327
[][] 
 []

File: doortagback.pdf Graphic file (type QTm)
<use  "doortagback.pdf" >
Overfull \hbox (0.4008pt too wide) in paragraph at lines 328--328
[][] 
 []

File: doortagback.pdf Graphic file (type QTm)
<use  "doortagback.pdf" >
Overfull \hbox (0.4008pt too wide) in paragraph at lines 329--329
[][] 
 []

File: doortagback.pdf Graphic file (type QTm)
<use  "doortagback.pdf" >
Overfull \hbox (0.4008pt too wide) in paragraph at lines 330--330
[][] 
 []

[33]
File: doortagback.pdf Graphic file (type QTm)
 <use  "doortagback.pdf" >
Overfull \hbox (0.4008pt too wide) in paragraph at lines 331--331
[][] 
 []

File: doortagback.pdf Graphic file (type QTm)
<use  "doortagback.pdf" >
Overfull \hbox (0.4008pt too wide) in paragraph at lines 332--332
[][] 
 []

File: doortagback.pdf Graphic file (type QTm)
<use  "doortagback.pdf" >
Overfull \hbox (0.4008pt too wide) in paragraph at lines 333--333
[][] 
 []

File: doortagback.pdf Graphic file (type QTm)
<use  "doortagback.pdf" >
Overfull \hbox (0.4008pt too wide) in paragraph at lines 334--334
[][] 
 []

File: doortagback.pdf Graphic file (type QTm)
<use  "doortagback.pdf" >
Overfull \hbox (0.4008pt too wide) in paragraph at lines 335--335
[][] 
 []

File: doortagback.pdf Graphic file (type QTm)
<use  "doortagback.pdf" >
Overfull \hbox (0.4008pt too wide) in paragraph at lines 336--336
[][] 
 []

File: doortagback.pdf Graphic file (type QTm)
<use  "doortagback.pdf" >
Overfull \hbox (0.4008pt too wide) in paragraph at lines 337--337
[][] 
 []

File: doortagback.pdf Graphic file (type QTm)
<use  "doortagback.pdf" >
Overfull \hbox (0.4008pt too wide) in paragraph at lines 338--338
[][] 
 []

File: doortagback.pdf Graphic file (type QTm)
<use  "doortagback.pdf" >
Overfull \hbox (0.4008pt too wide) in paragraph at lines 339--339
[][] 
 []

File: doortagback.pdf Graphic file (type QTm)
<use  "doortagback.pdf" >
Overfull \hbox (0.4008pt too wide) in paragraph at lines 340--340
[][] 
 []

[34]
File: doortagback.pdf Graphic file (type QTm)
 <use  "doortagback.pdf" >
Overfull \hbox (0.4008pt too wide) in paragraph at lines 341--341
[][] 
 []

File: doortagback.pdf Graphic file (type QTm)
<use  "doortagback.pdf" >
Overfull \hbox (0.4008pt too wide) in paragraph at lines 342--342
[][] 
 []

File: doortagback.pdf Graphic file (type QTm)
<use  "doortagback.pdf" >
Overfull \hbox (0.4008pt too wide) in paragraph at lines 343--343
[][] 
 []

File: doortagback.pdf Graphic file (type QTm)
<use  "doortagback.pdf" >
Overfull \hbox (0.4008pt too wide) in paragraph at lines 344--344
[][] 
 []

File: doortagback.pdf Graphic file (type QTm)
<use  "doortagback.pdf" >
Overfull \hbox (0.4008pt too wide) in paragraph at lines 345--345
[][] 
 []

File: doortagback.pdf Graphic file (type QTm)
<use  "doortagback.pdf" >
Overfull \hbox (0.4008pt too wide) in paragraph at lines 346--346
[][] 
 []

File: doortagback.pdf Graphic file (type QTm)
<use  "doortagback.pdf" >
Overfull \hbox (0.4008pt too wide) in paragraph at lines 347--347
[][] 
 []

File: doortagback.pdf Graphic file (type QTm)
<use  "doortagback.pdf" >
Overfull \hbox (0.4008pt too wide) in paragraph at lines 348--348
[][] 
 []

File: doortagback.pdf Graphic file (type QTm)
<use  "doortagback.pdf" >
Overfull \hbox (0.4008pt too wide) in paragraph at lines 349--349
[][] 
 []

File: doortagback.pdf Graphic file (type QTm)
<use  "doortagback.pdf" >
Overfull \hbox (0.4008pt too wide) in paragraph at lines 350--350
[][] 
 []

[35]
File: doortagback.pdf Graphic file (type QTm)
 <use  "doortagback.pdf" >
Overfull \hbox (0.4008pt too wide) in paragraph at lines 351--351
[][] 
 []

File: doortagback.pdf Graphic file (type QTm)
<use  "doortagback.pdf" >
Overfull \hbox (0.4008pt too wide) in paragraph at lines 352--352
[][] 
 []

File: doortagback.pdf Graphic file (type QTm)
<use  "doortagback.pdf" >
Overfull \hbox (0.4008pt too wide) in paragraph at lines 353--353
[][] 
 []

File: doortagback.pdf Graphic file (type QTm)
<use  "doortagback.pdf" >
Overfull \hbox (0.4008pt too wide) in paragraph at lines 354--354
[][] 
 []

File: doortagback.pdf Graphic file (type QTm)
<use  "doortagback.pdf" >
Overfull \hbox (0.4008pt too wide) in paragraph at lines 355--355
[][] 
 []

File: doortagback.pdf Graphic file (type QTm)
<use  "doortagback.pdf" >
Overfull \hbox (0.4008pt too wide) in paragraph at lines 356--356
[][] 
 []

File: doortagback.pdf Graphic file (type QTm)
<use  "doortagback.pdf" >
Overfull \hbox (0.4008pt too wide) in paragraph at lines 357--357
[][] 
 []

File: doortagback.pdf Graphic file (type QTm)
<use  "doortagback.pdf" >
Overfull \hbox (0.4008pt too wide) in paragraph at lines 358--358
[][] 
 []

File: doortagback.pdf Graphic file (type QTm)
<use  "doortagback.pdf" >
Overfull \hbox (0.4008pt too wide) in paragraph at lines 359--359
[][] 
 []

File: doortagback.pdf Graphic file (type QTm)
<use  "doortagback.pdf" >
Overfull \hbox (0.4008pt too wide) in paragraph at lines 360--360
[][] 
 []

[36]
File: doortagback.pdf Graphic file (type QTm)
 <use  "doortagback.pdf" >
Overfull \hbox (0.4008pt too wide) in paragraph at lines 361--361
[][] 
 []

File: doortagback.pdf Graphic file (type QTm)
<use  "doortagback.pdf" >
Overfull \hbox (0.4008pt too wide) in paragraph at lines 362--362
[][] 
 []

File: doortagback.pdf Graphic file (type QTm)
<use  "doortagback.pdf" >
Overfull \hbox (0.4008pt too wide) in paragraph at lines 363--363
[][] 
 []

File: doortagback.pdf Graphic file (type QTm)
<use  "doortagback.pdf" >
Overfull \hbox (0.4008pt too wide) in paragraph at lines 364--364
[][] 
 []

File: doortagback.pdf Graphic file (type QTm)
<use  "doortagback.pdf" >
Overfull \hbox (0.4008pt too wide) in paragraph at lines 365--365
[][] 
 []

File: doortagback.pdf Graphic file (type QTm)
<use  "doortagback.pdf" >
Overfull \hbox (0.4008pt too wide) in paragraph at lines 366--366
[][] 
 []

File: doortagback.pdf Graphic file (type QTm)
<use  "doortagback.pdf" >
Overfull \hbox (0.4008pt too wide) in paragraph at lines 367--367
[][] 
 []

File: doortagback.pdf Graphic file (type QTm)
<use  "doortagback.pdf" >
Overfull \hbox (0.4008pt too wide) in paragraph at lines 368--368
[][] 
 []

File: doortagback.pdf Graphic file (type QTm)
<use  "doortagback.pdf" >
Overfull \hbox (0.4008pt too wide) in paragraph at lines 369--369
[][] 
 []

File: doortagback.pdf Graphic file (type QTm)
<use  "doortagback.pdf" >
Overfull \hbox (0.4008pt too wide) in paragraph at lines 370--370
[][] 
 []

[37]
File: doortagback.pdf Graphic file (type QTm)
 <use  "doortagback.pdf" >
Overfull \hbox (0.4008pt too wide) in paragraph at lines 371--371
[][] 
 []

File: doortagback.pdf Graphic file (type QTm)
<use  "doortagback.pdf" >
Overfull \hbox (0.4008pt too wide) in paragraph at lines 372--372
[][] 
 []

File: doortagback.pdf Graphic file (type QTm)
<use  "doortagback.pdf" >
Overfull \hbox (0.4008pt too wide) in paragraph at lines 373--373
[][] 
 []

File: doortagback.pdf Graphic file (type QTm)
<use  "doortagback.pdf" >
Overfull \hbox (0.4008pt too wide) in paragraph at lines 374--374
[][] 
 []

File: doortagback.pdf Graphic file (type QTm)
<use  "doortagback.pdf" >
Overfull \hbox (0.4008pt too wide) in paragraph at lines 375--375
[][] 
 []

File: doortagback.pdf Graphic file (type QTm)
<use  "doortagback.pdf" >
Overfull \hbox (0.4008pt too wide) in paragraph at lines 376--376
[][] 
 []

File: doortagback.pdf Graphic file (type QTm)
<use  "doortagback.pdf" >
Overfull \hbox (0.4008pt too wide) in paragraph at lines 377--377
[][] 
 []

File: doortagback.pdf Graphic file (type QTm)
<use  "doortagback.pdf" >
Overfull \hbox (0.4008pt too wide) in paragraph at lines 378--378
[][] 
 []

File: doortagback.pdf Graphic file (type QTm)
<use  "doortagback.pdf" >
Overfull \hbox (0.4008pt too wide) in paragraph at lines 379--379
[][] 
 []

File: doortagback.pdf Graphic file (type QTm)
<use  "doortagback.pdf" >
Overfull \hbox (0.4008pt too wide) in paragraph at lines 380--380
[][] 
 []

[38]
File: doortagback.pdf Graphic file (type QTm)
 <use  "doortagback.pdf" >
Overfull \hbox (0.4008pt too wide) in paragraph at lines 381--381
[][] 
 []

File: doortagback.pdf Graphic file (type QTm)
<use  "doortagback.pdf" >
Overfull \hbox (0.4008pt too wide) in paragraph at lines 382--382
[][] 
 []

File: doortagback.pdf Graphic file (type QTm)
<use  "doortagback.pdf" >
Overfull \hbox (0.4008pt too wide) in paragraph at lines 383--383
[][] 
 []

File: doortagback.pdf Graphic file (type QTm)
<use  "doortagback.pdf" >
Overfull \hbox (0.4008pt too wide) in paragraph at lines 384--384
[][] 
 []

File: doortagback.pdf Graphic file (type QTm)
<use  "doortagback.pdf" >
Overfull \hbox (0.4008pt too wide) in paragraph at lines 385--385
[][] 
 []

File: doortagback.pdf Graphic file (type QTm)
<use  "doortagback.pdf" >
Overfull \hbox (0.4008pt too wide) in paragraph at lines 386--386
[][] 
 []

File: doortagback.pdf Graphic file (type QTm)
<use  "doortagback.pdf" >
Overfull \hbox (0.4008pt too wide) in paragraph at lines 387--387
[][] 
 []

File: doortagback.pdf Graphic file (type QTm)
<use  "doortagback.pdf" >
Overfull \hbox (0.4008pt too wide) in paragraph at lines 388--388
[][] 
 []

File: doortagback.pdf Graphic file (type QTm)
<use  "doortagback.pdf" >
Overfull \hbox (0.4008pt too wide) in paragraph at lines 389--389
[][] 
 []

File: doortagback.pdf Graphic file (type QTm)
<use  "doortagback.pdf" >
Overfull \hbox (0.4008pt too wide) in paragraph at lines 390--390
[][] 
 []

[39]
File: doortagback.pdf Graphic file (type QTm)
 <use  "doortagback.pdf" >
Overfull \hbox (0.4008pt too wide) in paragraph at lines 391--391
[][] 
 []

File: doortagback.pdf Graphic file (type QTm)
<use  "doortagback.pdf" >
Overfull \hbox (0.4008pt too wide) in paragraph at lines 392--392
[][] 
 []

File: doortagback.pdf Graphic file (type QTm)
<use  "doortagback.pdf" >
Overfull \hbox (0.4008pt too wide) in paragraph at lines 393--393
[][] 
 []

File: doortagback.pdf Graphic file (type QTm)
<use  "doortagback.pdf" >
Overfull \hbox (0.4008pt too wide) in paragraph at lines 394--394
[][] 
 []

File: doortagback.pdf Graphic file (type QTm)
<use  "doortagback.pdf" >
Overfull \hbox (0.4008pt too wide) in paragraph at lines 395--395
[][] 
 []

File: doortagback.pdf Graphic file (type QTm)
<use  "doortagback.pdf" >
Overfull \hbox (0.4008pt too wide) in paragraph at lines 396--396
[][] 
 []

File: doortagback.pdf Graphic file (type QTm)
<use  "doortagback.pdf" >
Overfull \hbox (0.4008pt too wide) in paragraph at lines 397--397
[][] 
 []

File: doortagback.pdf Graphic file (type QTm)
<use  "doortagback.pdf" >
Overfull \hbox (0.4008pt too wide) in paragraph at lines 398--398
[][] 
 []

File: doortagback.pdf Graphic file (type QTm)
<use  "doortagback.pdf" >
Overfull \hbox (0.4008pt too wide) in paragraph at lines 399--399
[][] 
 []

File: doortagback.pdf Graphic file (type QTm)
<use  "doortagback.pdf" >
Overfull \hbox (0.4008pt too wide) in paragraph at lines 400--400
[][] 
 []

[40]
File: doortagback.pdf Graphic file (type QTm)
 <use  "doortagback.pdf" >
Overfull \hbox (0.4008pt too wide) in paragraph at lines 401--401
[][] 
 []

File: doortagback.pdf Graphic file (type QTm)
<use  "doortagback.pdf" >
Overfull \hbox (0.4008pt too wide) in paragraph at lines 402--402
[][] 
 []

File: doortagback.pdf Graphic file (type QTm)
<use  "doortagback.pdf" >
Overfull \hbox (0.4008pt too wide) in paragraph at lines 403--403
[][] 
 []

File: doortagback.pdf Graphic file (type QTm)
<use  "doortagback.pdf" >
Overfull \hbox (0.4008pt too wide) in paragraph at lines 404--404
[][] 
 []

File: doortagback.pdf Graphic file (type QTm)
<use  "doortagback.pdf" >
Overfull \hbox (0.4008pt too wide) in paragraph at lines 405--405
[][] 
 []

File: doortagback.pdf Graphic file (type QTm)
<use  "doortagback.pdf" >
Overfull \hbox (0.4008pt too wide) in paragraph at lines 406--406
[][] 
 []

File: doortagback.pdf Graphic file (type QTm)
<use  "doortagback.pdf" >
Overfull \hbox (0.4008pt too wide) in paragraph at lines 407--407
[][] 
 []

File: doortagback.pdf Graphic file (type QTm)
<use  "doortagback.pdf" >
Overfull \hbox (0.4008pt too wide) in paragraph at lines 408--408
[][] 
 []

File: doortagback.pdf Graphic file (type QTm)
<use  "doortagback.pdf" >
Overfull \hbox (0.4008pt too wide) in paragraph at lines 409--409
[][] 
 []

File: doortagback.pdf Graphic file (type QTm)
<use  "doortagback.pdf" >
Overfull \hbox (0.4008pt too wide) in paragraph at lines 410--410
[][] 
 []

[41]
File: doortagback.pdf Graphic file (type QTm)
 <use  "doortagback.pdf" >
Overfull \hbox (0.4008pt too wide) in paragraph at lines 411--411
[][] 
 []

File: doortagback.pdf Graphic file (type QTm)
<use  "doortagback.pdf" >
Overfull \hbox (0.4008pt too wide) in paragraph at lines 412--412
[][] 
 []

File: doortagback.pdf Graphic file (type QTm)
<use  "doortagback.pdf" >
Overfull \hbox (0.4008pt too wide) in paragraph at lines 413--413
[][] 
 []

File: doortagback.pdf Graphic file (type QTm)
<use  "doortagback.pdf" >
Overfull \hbox (0.4008pt too wide) in paragraph at lines 414--414
[][] 
 []

File: doortagback.pdf Graphic file (type QTm)
<use  "doortagback.pdf" >
Overfull \hbox (0.4008pt too wide) in paragraph at lines 415--415
[][] 
 []

File: doortagback.pdf Graphic file (type QTm)
<use  "doortagback.pdf" >
Overfull \hbox (0.4008pt too wide) in paragraph at lines 416--416
[][] 
 []

File: doortagback.pdf Graphic file (type QTm)
<use  "doortagback.pdf" >
Overfull \hbox (0.4008pt too wide) in paragraph at lines 417--417
[][] 
 []

File: doortagback.pdf Graphic file (type QTm)
<use  "doortagback.pdf" >
Overfull \hbox (0.4008pt too wide) in paragraph at lines 418--418
[][] 
 []

File: doortagback.pdf Graphic file (type QTm)
<use  "doortagback.pdf" >
Overfull \hbox (0.4008pt too wide) in paragraph at lines 419--419
[][] 
 []

File: doortagback.pdf Graphic file (type QTm)
<use  "doortagback.pdf" >
Overfull \hbox (0.4008pt too wide) in paragraph at lines 420--420
[][] 
 []

[42]
File: doortagback.pdf Graphic file (type QTm)
 <use  "doortagback.pdf" >
Overfull \hbox (0.4008pt too wide) in paragraph at lines 421--421
[][] 
 []

File: doortagback.pdf Graphic file (type QTm)
<use  "doortagback.pdf" >
Overfull \hbox (0.4008pt too wide) in paragraph at lines 422--422
[][] 
 []

File: doortagback.pdf Graphic file (type QTm)
<use  "doortagback.pdf" >
Overfull \hbox (0.4008pt too wide) in paragraph at lines 423--423
[][] 
 []

File: doortagback.pdf Graphic file (type QTm)
<use  "doortagback.pdf" >
Overfull \hbox (0.4008pt too wide) in paragraph at lines 424--424
[][] 
 []

File: doortagback.pdf Graphic file (type QTm)
<use  "doortagback.pdf" >
Overfull \hbox (0.4008pt too wide) in paragraph at lines 425--425
[][] 
 []

File: doortagback.pdf Graphic file (type QTm)
<use  "doortagback.pdf" >
Overfull \hbox (0.4008pt too wide) in paragraph at lines 426--426
[][] 
 []

File: doortagback.pdf Graphic file (type QTm)
<use  "doortagback.pdf" >
Overfull \hbox (0.4008pt too wide) in paragraph at lines 427--427
[][] 
 []

File: doortagback.pdf Graphic file (type QTm)
<use  "doortagback.pdf" >
Overfull \hbox (0.4008pt too wide) in paragraph at lines 428--428
[][] 
 []

File: doortagback.pdf Graphic file (type QTm)
<use  "doortagback.pdf" >
Overfull \hbox (0.4008pt too wide) in paragraph at lines 429--429
[][] 
 []

File: doortagback.pdf Graphic file (type QTm)
<use  "doortagback.pdf" >
Overfull \hbox (0.4008pt too wide) in paragraph at lines 430--430
[][] 
 []

[43]
File: doortagback.pdf Graphic file (type QTm)
 <use  "doortagback.pdf" >
Overfull \hbox (0.4008pt too wide) in paragraph at lines 431--431
[][] 
 []

File: doortagback.pdf Graphic file (type QTm)
<use  "doortagback.pdf" >
Overfull \hbox (0.4008pt too wide) in paragraph at lines 432--432
[][] 
 []

File: doortagback.pdf Graphic file (type QTm)
<use  "doortagback.pdf" >
Overfull \hbox (0.4008pt too wide) in paragraph at lines 433--433
[][] 
 []

File: doortagback.pdf Graphic file (type QTm)
<use  "doortagback.pdf" >
Overfull \hbox (0.4008pt too wide) in paragraph at lines 434--434
[][] 
 []

File: doortagback.pdf Graphic file (type QTm)
<use  "doortagback.pdf" >
Overfull \hbox (0.4008pt too wide) in paragraph at lines 435--435
[][] 
 []

File: doortagback.pdf Graphic file (type QTm)
<use  "doortagback.pdf" >
Overfull \hbox (0.4008pt too wide) in paragraph at lines 436--436
[][] 
 []

File: doortagback.pdf Graphic file (type QTm)
<use  "doortagback.pdf" >
Overfull \hbox (0.4008pt too wide) in paragraph at lines 437--437
[][] 
 []

File: doortagback.pdf Graphic file (type QTm)
<use  "doortagback.pdf" >
Overfull \hbox (0.4008pt too wide) in paragraph at lines 438--438
[][] 
 []

File: doortagback.pdf Graphic file (type QTm)
<use  "doortagback.pdf" >
Overfull \hbox (0.4008pt too wide) in paragraph at lines 439--439
[][] 
 []

File: doortagback.pdf Graphic file (type QTm)
<use  "doortagback.pdf" >
Overfull \hbox (0.4008pt too wide) in paragraph at lines 440--440
[][] 
 []

[44]
File: doortagback.pdf Graphic file (type QTm)
 <use  "doortagback.pdf" >
Overfull \hbox (0.4008pt too wide) in paragraph at lines 441--441
[][] 
 []

File: doortagback.pdf Graphic file (type QTm)
<use  "doortagback.pdf" >
Overfull \hbox (0.4008pt too wide) in paragraph at lines 442--442
[][] 
 []

File: doortagback.pdf Graphic file (type QTm)
<use  "doortagback.pdf" >
Overfull \hbox (0.4008pt too wide) in paragraph at lines 443--443
[][] 
 []

File: doortagback.pdf Graphic file (type QTm)
<use  "doortagback.pdf" >
Overfull \hbox (0.4008pt too wide) in paragraph at lines 444--444
[][] 
 []

File: doortagback.pdf Graphic file (type QTm)
<use  "doortagback.pdf" >
Overfull \hbox (0.4008pt too wide) in paragraph at lines 445--445
[][] 
 []

File: doortagback.pdf Graphic file (type QTm)
<use  "doortagback.pdf" >
Overfull \hbox (0.4008pt too wide) in paragraph at lines 446--446
[][] 
 []

File: doortagback.pdf Graphic file (type QTm)
<use  "doortagback.pdf" >
Overfull \hbox (0.4008pt too wide) in paragraph at lines 447--447
[][] 
 []

File: doortagback.pdf Graphic file (type QTm)
<use  "doortagback.pdf" >
Overfull \hbox (0.4008pt too wide) in paragraph at lines 448--448
[][] 
 []

File: doortagback.pdf Graphic file (type QTm)
<use  "doortagback.pdf" >
Overfull \hbox (0.4008pt too wide) in paragraph at lines 449--449
[][] 
 []

File: doortagback.pdf Graphic file (type QTm)
<use  "doortagback.pdf" >
Overfull \hbox (0.4008pt too wide) in paragraph at lines 450--450
[][] 
 []

[45]
File: doortagback.pdf Graphic file (type QTm)
 <use  "doortagback.pdf" >
Overfull \hbox (0.4008pt too wide) in paragraph at lines 451--451
[][] 
 []

File: doortagback.pdf Graphic file (type QTm)
<use  "doortagback.pdf" >
Overfull \hbox (0.4008pt too wide) in paragraph at lines 452--452
[][] 
 []

File: doortagback.pdf Graphic file (type QTm)
<use  "doortagback.pdf" >
Overfull \hbox (0.4008pt too wide) in paragraph at lines 453--453
[][] 
 []

File: doortagback.pdf Graphic file (type QTm)
<use  "doortagback.pdf" >
Overfull \hbox (0.4008pt too wide) in paragraph at lines 454--454
[][] 
 []

File: doortagback.pdf Graphic file (type QTm)
<use  "doortagback.pdf" >
Overfull \hbox (0.4008pt too wide) in paragraph at lines 455--455
[][] 
 []

File: doortagback.pdf Graphic file (type QTm)
<use  "doortagback.pdf" >
Overfull \hbox (0.4008pt too wide) in paragraph at lines 456--456
[][] 
 []

File: doortagback.pdf Graphic file (type QTm)
<use  "doortagback.pdf" >
Overfull \hbox (0.4008pt too wide) in paragraph at lines 457--457
[][] 
 []

File: doortagback.pdf Graphic file (type QTm)
<use  "doortagback.pdf" >
Overfull \hbox (0.4008pt too wide) in paragraph at lines 458--458
[][] 
 []

File: doortagback.pdf Graphic file (type QTm)
<use  "doortagback.pdf" >
Overfull \hbox (0.4008pt too wide) in paragraph at lines 459--459
[][] 
 []

File: doortagback.pdf Graphic file (type QTm)
<use  "doortagback.pdf" >
Overfull \hbox (0.4008pt too wide) in paragraph at lines 460--460
[][] 
 []

[46]
File: doortagback.pdf Graphic file (type QTm)
 <use  "doortagback.pdf" >
Overfull \hbox (0.4008pt too wide) in paragraph at lines 461--461
[][] 
 []

File: doortagback.pdf Graphic file (type QTm)
<use  "doortagback.pdf" >
Overfull \hbox (0.4008pt too wide) in paragraph at lines 462--462
[][] 
 []

File: doortagback.pdf Graphic file (type QTm)
<use  "doortagback.pdf" >
Overfull \hbox (0.4008pt too wide) in paragraph at lines 463--463
[][] 
 []

File: doortagback.pdf Graphic file (type QTm)
<use  "doortagback.pdf" >
Overfull \hbox (0.4008pt too wide) in paragraph at lines 464--464
[][] 
 []

File: doortagback.pdf Graphic file (type QTm)
<use  "doortagback.pdf" >
Overfull \hbox (0.4008pt too wide) in paragraph at lines 465--465
[][] 
 []

File: doortagback.pdf Graphic file (type QTm)
<use  "doortagback.pdf" >
Overfull \hbox (0.4008pt too wide) in paragraph at lines 466--466
[][] 
 []

File: doortagback.pdf Graphic file (type QTm)
<use  "doortagback.pdf" >
Overfull \hbox (0.4008pt too wide) in paragraph at lines 467--467
[][] 
 []

File: doortagback.pdf Graphic file (type QTm)
<use  "doortagback.pdf" >
Overfull \hbox (0.4008pt too wide) in paragraph at lines 468--468
[][] 
 []

File: doortagback.pdf Graphic file (type QTm)
<use  "doortagback.pdf" >
Overfull \hbox (0.4008pt too wide) in paragraph at lines 469--469
[][] 
 []

File: doortagback.pdf Graphic file (type QTm)
<use  "doortagback.pdf" >
Overfull \hbox (0.4008pt too wide) in paragraph at lines 470--470
[][] 
 []

[47]
File: doortagback.pdf Graphic file (type QTm)
 <use  "doortagback.pdf" >
Overfull \hbox (0.4008pt too wide) in paragraph at lines 471--471
[][] 
 []

File: doortagback.pdf Graphic file (type QTm)
<use  "doortagback.pdf" >
Overfull \hbox (0.4008pt too wide) in paragraph at lines 472--472
[][] 
 []

File: doortagback.pdf Graphic file (type QTm)
<use  "doortagback.pdf" >
Overfull \hbox (0.4008pt too wide) in paragraph at lines 473--473
[][] 
 []

File: doortagback.pdf Graphic file (type QTm)
<use  "doortagback.pdf" >
Overfull \hbox (0.4008pt too wide) in paragraph at lines 474--474
[][] 
 []

File: doortagback.pdf Graphic file (type QTm)
<use  "doortagback.pdf" >
Overfull \hbox (0.4008pt too wide) in paragraph at lines 475--475
[][] 
 []

File: doortagback.pdf Graphic file (type QTm)
<use  "doortagback.pdf" >
Overfull \hbox (0.4008pt too wide) in paragraph at lines 476--476
[][] 
 []

File: doortagback.pdf Graphic file (type QTm)
<use  "doortagback.pdf" >
Overfull \hbox (0.4008pt too wide) in paragraph at lines 477--477
[][] 
 []

File: doortagback.pdf Graphic file (type QTm)
<use  "doortagback.pdf" >
Overfull \hbox (0.4008pt too wide) in paragraph at lines 478--478
[][] 
 []

File: doortagback.pdf Graphic file (type QTm)
<use  "doortagback.pdf" >
Overfull \hbox (0.4008pt too wide) in paragraph at lines 479--479
[][] 
 []

File: doortagback.pdf Graphic file (type QTm)
<use  "doortagback.pdf" >
Overfull \hbox (0.4008pt too wide) in paragraph at lines 480--480
[][] 
 []

[48]
File: doortagback.pdf Graphic file (type QTm)
 <use  "doortagback.pdf" >
Overfull \hbox (0.4008pt too wide) in paragraph at lines 481--481
[][] 
 []

File: doortagback.pdf Graphic file (type QTm)
<use  "doortagback.pdf" >
Overfull \hbox (0.4008pt too wide) in paragraph at lines 482--482
[][] 
 []

File: doortagback.pdf Graphic file (type QTm)
<use  "doortagback.pdf" >
Overfull \hbox (0.4008pt too wide) in paragraph at lines 483--483
[][] 
 []

File: doortagback.pdf Graphic file (type QTm)
<use  "doortagback.pdf" >
Overfull \hbox (0.4008pt too wide) in paragraph at lines 484--484
[][] 
 []

File: doortagback.pdf Graphic file (type QTm)
<use  "doortagback.pdf" >
Overfull \hbox (0.4008pt too wide) in paragraph at lines 485--485
[][] 
 []

File: doortagback.pdf Graphic file (type QTm)
<use  "doortagback.pdf" >
Overfull \hbox (0.4008pt too wide) in paragraph at lines 486--486
[][] 
 []

File: doortagback.pdf Graphic file (type QTm)
<use  "doortagback.pdf" >
Overfull \hbox (0.4008pt too wide) in paragraph at lines 487--487
[][] 
 []

File: doortagback.pdf Graphic file (type QTm)
<use  "doortagback.pdf" >
Overfull \hbox (0.4008pt too wide) in paragraph at lines 488--488
[][] 
 []

File: doortagback.pdf Graphic file (type QTm)
<use  "doortagback.pdf" >
Overfull \hbox (0.4008pt too wide) in paragraph at lines 489--489
[][] 
 []

File: doortagback.pdf Graphic file (type QTm)
<use  "doortagback.pdf" >
Overfull \hbox (0.4008pt too wide) in paragraph at lines 490--490
[][] 
 []

[49]
File: doortagback.pdf Graphic file (type QTm)
 <use  "doortagback.pdf" >
Overfull \hbox (0.4008pt too wide) in paragraph at lines 491--491
[][] 
 []

File: doortagback.pdf Graphic file (type QTm)
<use  "doortagback.pdf" >
Overfull \hbox (0.4008pt too wide) in paragraph at lines 492--492
[][] 
 []

File: doortagback.pdf Graphic file (type QTm)
<use  "doortagback.pdf" >
Overfull \hbox (0.4008pt too wide) in paragraph at lines 493--493
[][] 
 []

File: doortagback.pdf Graphic file (type QTm)
<use  "doortagback.pdf" >
Overfull \hbox (0.4008pt too wide) in paragraph at lines 494--494
[][] 
 []

File: doortagback.pdf Graphic file (type QTm)
<use  "doortagback.pdf" >
Overfull \hbox (0.4008pt too wide) in paragraph at lines 495--495
[][] 
 []

File: doortagback.pdf Graphic file (type QTm)
<use  "doortagback.pdf" >
Overfull \hbox (0.4008pt too wide) in paragraph at lines 496--496
[][] 
 []

File: doortagback.pdf Graphic file (type QTm)
<use  "doortagback.pdf" >
Overfull \hbox (0.4008pt too wide) in paragraph at lines 497--497
[][] 
 []

File: doortagback.pdf Graphic file (type QTm)
<use  "doortagback.pdf" >
Overfull \hbox (0.4008pt too wide) in paragraph at lines 498--498
[][] 
 []

File: doortagback.pdf Graphic file (type QTm)
<use  "doortagback.pdf" >
Overfull \hbox (0.4008pt too wide) in paragraph at lines 499--499
[][] 
 []

File: doortagback.pdf Graphic file (type QTm)
<use  "doortagback.pdf" >
Overfull \hbox (0.4008pt too wide) in paragraph at lines 500--500
[][] 
 []

[50]
File: doortagback.pdf Graphic file (type QTm)
 <use  "doortagback.pdf" >
Overfull \hbox (0.4008pt too wide) in paragraph at lines 501--501
[][] 
 []

File: doortagback.pdf Graphic file (type QTm)
<use  "doortagback.pdf" >
Overfull \hbox (0.4008pt too wide) in paragraph at lines 502--502
[][] 
 []

File: doortagback.pdf Graphic file (type QTm)
<use  "doortagback.pdf" >
Overfull \hbox (0.4008pt too wide) in paragraph at lines 503--503
[][] 
 []

File: doortagback.pdf Graphic file (type QTm)
<use  "doortagback.pdf" >
Overfull \hbox (0.4008pt too wide) in paragraph at lines 504--504
[][] 
 []

File: doortagback.pdf Graphic file (type QTm)
<use  "doortagback.pdf" >
Overfull \hbox (0.4008pt too wide) in paragraph at lines 505--505
[][] 
 []

File: doortagback.pdf Graphic file (type QTm)
<use  "doortagback.pdf" >
Overfull \hbox (0.4008pt too wide) in paragraph at lines 506--506
[][] 
 []

File: doortagback.pdf Graphic file (type QTm)
<use  "doortagback.pdf" >
Overfull \hbox (0.4008pt too wide) in paragraph at lines 507--507
[][] 
 []

[51] (./doortag.aux) ) 
Here is how much of TeX's memory you used:
 13398 strings out of 495525
 278270 string characters out of 6184336
 314640 words of memory out of 5000000
 16503 multiletter control sequences out of 15000+600000
 4010 words of font info for 24 fonts, out of 8000000 for 9000
 80 hyphenation exceptions out of 8191
 46i,5n,45p,11003b,172s stack positions out of 5000i,500n,10000p,200000b,80000s

Output written on doortag.pdf (51 pages).
